{"/home/travis/build/npmtest/node-npmtest-maxmind/test.js":{"path":"/home/travis/build/npmtest/node-npmtest-maxmind/test.js","s":{"1":2,"2":2,"3":2,"4":2,"5":2,"6":2,"7":2,"8":1,"9":2,"10":2,"11":1,"12":1,"13":1,"14":1,"15":2,"16":2,"17":2,"18":2,"19":1,"20":1,"21":2,"22":2,"23":2,"24":1,"25":1,"26":1,"27":1,"28":1,"29":1,"30":1,"31":1,"32":1,"33":1,"34":1,"35":1,"36":1,"37":1,"38":1,"39":2,"40":2,"41":1,"42":2,"43":2,"44":1,"45":2,"46":2,"47":1,"48":2,"49":2,"50":1,"51":1,"52":1,"53":1,"54":1},"b":{"1":[2,1,1,1],"2":[1,1,1,1],"3":[1,1],"4":[1,1],"5":[1,1],"6":[1,1],"7":[1,1],"8":[1,1],"9":[1,1],"10":[1,1,1],"11":[1,1],"12":[1,1],"13":[1,1],"14":[1,1],"15":[1,1],"16":[1,1],"17":[1,1]},"f":{"1":2,"2":2,"3":2,"4":2,"5":2,"6":1,"7":1,"8":1,"9":2,"10":2,"11":2,"12":2,"13":1},"fnMap":{"1":{"name":"(anonymous_1)","line":12,"loc":{"start":{"line":12,"column":1},"end":{"line":12,"column":13}}},"2":{"name":"(anonymous_2)","line":19,"loc":{"start":{"line":19,"column":5},"end":{"line":19,"column":17}}},"3":{"name":"(anonymous_3)","line":23,"loc":{"start":{"line":23,"column":24},"end":{"line":23,"column":36}}},"4":{"name":"(anonymous_4)","line":61,"loc":{"start":{"line":61,"column":5},"end":{"line":61,"column":17}}},"5":{"name":"(anonymous_5)","line":82,"loc":{"start":{"line":82,"column":5},"end":{"line":82,"column":17}}},"6":{"name":"(anonymous_6)","line":91,"loc":{"start":{"line":91,"column":77},"end":{"line":94,"column":10}}},"7":{"name":"(anonymous_7)","line":112,"loc":{"start":{"line":112,"column":83},"end":{"line":115,"column":10}},"skip":true},"8":{"name":"(anonymous_8)","line":123,"loc":{"start":{"line":123,"column":77},"end":{"line":126,"column":10}},"skip":true},"9":{"name":"(anonymous_9)","line":139,"loc":{"start":{"line":139,"column":12},"end":{"line":139,"column":40}},"skip":true},"10":{"name":"(anonymous_10)","line":147,"loc":{"start":{"line":147,"column":77},"end":{"line":150,"column":10}},"skip":true},"11":{"name":"(anonymous_11)","line":158,"loc":{"start":{"line":158,"column":83},"end":{"line":161,"column":10}},"skip":true},"12":{"name":"(anonymous_12)","line":169,"loc":{"start":{"line":169,"column":79},"end":{"line":172,"column":10}},"skip":true},"13":{"name":"(anonymous_13)","line":180,"loc":{"start":{"line":180,"column":75},"end":{"line":183,"column":10}},"skip":true}},"statementMap":{"1":{"start":{"line":12,"column":0},"end":{"line":195,"column":5}},"2":{"start":{"line":14,"column":4},"end":{"line":14,"column":14}},"3":{"start":{"line":19,"column":4},"end":{"line":56,"column":9}},"4":{"start":{"line":21,"column":8},"end":{"line":21,"column":19}},"5":{"start":{"line":23,"column":8},"end":{"line":35,"column":13}},"6":{"start":{"line":24,"column":12},"end":{"line":34,"column":13}},"7":{"start":{"line":25,"column":16},"end":{"line":28,"column":30}},"8":{"start":{"line":30,"column":16},"end":{"line":33,"column":27}},"9":{"start":{"line":37,"column":8},"end":{"line":39,"column":21}},"10":{"start":{"line":40,"column":8},"end":{"line":53,"column":9}},"11":{"start":{"line":43,"column":12},"end":{"line":46,"column":14}},"12":{"start":{"line":47,"column":12},"end":{"line":47,"column":18}},"13":{"start":{"line":50,"column":12},"end":{"line":51,"column":33}},"14":{"start":{"line":52,"column":12},"end":{"line":52,"column":18}},"15":{"start":{"line":55,"column":8},"end":{"line":55,"column":35}},"16":{"start":{"line":61,"column":4},"end":{"line":63,"column":9}},"17":{"start":{"line":62,"column":8},"end":{"line":62,"column":15}},"18":{"start":{"line":64,"column":4},"end":{"line":77,"column":5}},"19":{"start":{"line":70,"column":8},"end":{"line":70,"column":14}},"20":{"start":{"line":76,"column":8},"end":{"line":76,"column":14}},"21":{"start":{"line":82,"column":4},"end":{"line":84,"column":9}},"22":{"start":{"line":83,"column":8},"end":{"line":83,"column":15}},"23":{"start":{"line":85,"column":4},"end":{"line":194,"column":5}},"24":{"start":{"line":91,"column":8},"end":{"line":99,"column":10}},"25":{"start":{"line":98,"column":12},"end":{"line":98,"column":35}},"26":{"start":{"line":102,"column":8},"end":{"line":104,"column":63}},"27":{"start":{"line":105,"column":8},"end":{"line":105,"column":14}},"28":{"start":{"line":112,"column":8},"end":{"line":121,"column":10},"skip":true},"29":{"start":{"line":119,"column":12},"end":{"line":119,"column":55},"skip":true},"30":{"start":{"line":120,"column":12},"end":{"line":120,"column":48},"skip":true},"31":{"start":{"line":123,"column":8},"end":{"line":136,"column":10},"skip":true},"32":{"start":{"line":130,"column":12},"end":{"line":130,"column":76},"skip":true},"33":{"start":{"line":131,"column":12},"end":{"line":131,"column":73},"skip":true},"34":{"start":{"line":132,"column":12},"end":{"line":132,"column":74},"skip":true},"35":{"start":{"line":133,"column":12},"end":{"line":133,"column":79},"skip":true},"36":{"start":{"line":134,"column":12},"end":{"line":134,"column":25},"skip":true},"37":{"start":{"line":135,"column":12},"end":{"line":135,"column":45},"skip":true},"38":{"start":{"line":138,"column":8},"end":{"line":145,"column":14},"skip":true},"39":{"start":{"line":143,"column":16},"end":{"line":143,"column":29},"skip":true},"40":{"start":{"line":144,"column":16},"end":{"line":144,"column":55},"skip":true},"41":{"start":{"line":147,"column":8},"end":{"line":156,"column":10},"skip":true},"42":{"start":{"line":154,"column":12},"end":{"line":154,"column":25},"skip":true},"43":{"start":{"line":155,"column":12},"end":{"line":155,"column":45},"skip":true},"44":{"start":{"line":158,"column":8},"end":{"line":167,"column":10},"skip":true},"45":{"start":{"line":165,"column":12},"end":{"line":165,"column":25},"skip":true},"46":{"start":{"line":166,"column":12},"end":{"line":166,"column":48},"skip":true},"47":{"start":{"line":169,"column":8},"end":{"line":178,"column":10},"skip":true},"48":{"start":{"line":176,"column":12},"end":{"line":176,"column":25},"skip":true},"49":{"start":{"line":177,"column":12},"end":{"line":177,"column":46},"skip":true},"50":{"start":{"line":180,"column":8},"end":{"line":189,"column":10},"skip":true},"51":{"start":{"line":187,"column":12},"end":{"line":187,"column":94},"skip":true},"52":{"start":{"line":188,"column":12},"end":{"line":188,"column":48},"skip":true},"53":{"start":{"line":192,"column":8},"end":{"line":192,"column":35},"skip":true},"54":{"start":{"line":193,"column":8},"end":{"line":193,"column":14},"skip":true}},"branchMap":{"1":{"line":25,"type":"binary-expr","locations":[{"start":{"line":25,"column":23},"end":{"line":25,"column":62}},{"start":{"line":26,"column":20},"end":{"line":26,"column":70}},{"start":{"line":27,"column":20},"end":{"line":27,"column":71}},{"start":{"line":28,"column":20},"end":{"line":28,"column":29}}]},"2":{"line":30,"type":"binary-expr","locations":[{"start":{"line":30,"column":23},"end":{"line":30,"column":37}},{"start":{"line":31,"column":20},"end":{"line":31,"column":61}},{"start":{"line":32,"column":20},"end":{"line":32,"column":70}},{"start":{"line":33,"column":20},"end":{"line":33,"column":26}}]},"3":{"line":37,"type":"cond-expr","locations":[{"start":{"line":38,"column":14},"end":{"line":38,"column":20}},{"start":{"line":39,"column":14},"end":{"line":39,"column":20}}]},"4":{"line":40,"type":"switch","locations":[{"start":{"line":42,"column":8},"end":{"line":47,"column":18}},{"start":{"line":49,"column":8},"end":{"line":52,"column":18}}]},"5":{"line":44,"type":"binary-expr","locations":[{"start":{"line":44,"column":16},"end":{"line":44,"column":44}},{"start":{"line":44,"column":48},"end":{"line":44,"column":66}}]},"6":{"line":50,"type":"binary-expr","locations":[{"start":{"line":50,"column":21},"end":{"line":50,"column":49}},{"start":{"line":50,"column":53},"end":{"line":50,"column":72}}]},"7":{"line":64,"type":"switch","locations":[{"start":{"line":69,"column":4},"end":{"line":70,"column":14}},{"start":{"line":75,"column":4},"end":{"line":76,"column":14}}]},"8":{"line":85,"type":"switch","locations":[{"start":{"line":90,"column":4},"end":{"line":105,"column":14}},{"start":{"line":111,"column":4},"end":{"line":193,"column":14},"skip":true}]},"9":{"line":91,"type":"binary-expr","locations":[{"start":{"line":91,"column":42},"end":{"line":91,"column":73}},{"start":{"line":91,"column":77},"end":{"line":99,"column":9}}]},"10":{"line":102,"type":"binary-expr","locations":[{"start":{"line":102,"column":18},"end":{"line":102,"column":32}},{"start":{"line":103,"column":12},"end":{"line":103,"column":53}},{"start":{"line":104,"column":12},"end":{"line":104,"column":61}}]},"11":{"line":112,"type":"binary-expr","locations":[{"start":{"line":112,"column":45},"end":{"line":112,"column":79},"skip":true},{"start":{"line":112,"column":83},"end":{"line":121,"column":9},"skip":true}]},"12":{"line":123,"type":"binary-expr","locations":[{"start":{"line":123,"column":42},"end":{"line":123,"column":73},"skip":true},{"start":{"line":123,"column":77},"end":{"line":136,"column":9},"skip":true}]},"13":{"line":138,"type":"binary-expr","locations":[{"start":{"line":138,"column":48},"end":{"line":138,"column":85},"skip":true},{"start":{"line":139,"column":12},"end":{"line":145,"column":13},"skip":true}]},"14":{"line":147,"type":"binary-expr","locations":[{"start":{"line":147,"column":42},"end":{"line":147,"column":73},"skip":true},{"start":{"line":147,"column":77},"end":{"line":156,"column":9},"skip":true}]},"15":{"line":158,"type":"binary-expr","locations":[{"start":{"line":158,"column":45},"end":{"line":158,"column":79},"skip":true},{"start":{"line":158,"column":83},"end":{"line":167,"column":9},"skip":true}]},"16":{"line":169,"type":"binary-expr","locations":[{"start":{"line":169,"column":43},"end":{"line":169,"column":75},"skip":true},{"start":{"line":169,"column":79},"end":{"line":178,"column":9},"skip":true}]},"17":{"line":180,"type":"binary-expr","locations":[{"start":{"line":180,"column":41},"end":{"line":180,"column":71},"skip":true},{"start":{"line":180,"column":75},"end":{"line":189,"column":9},"skip":true}]}},"code":["/* istanbul instrument in package npmtest_maxmind */","/*jslint","    bitwise: true,","    browser: true,","    maxerr: 8,","    maxlen: 96,","    node: true,","    nomen: true,","    regexp: true,","    stupid: true","*/","(function () {","    'use strict';","    var local;","","","","    // run shared js-env code - pre-init","    (function () {","        // init local","        local = {};","        // init modeJs","        local.modeJs = (function () {","            try {","                return typeof navigator.userAgent === 'string' &&","                    typeof document.querySelector('body') === 'object' &&","                    typeof XMLHttpRequest.prototype.open === 'function' &&","                    'browser';","            } catch (errorCaughtBrowser) {","                return module.exports &&","                    typeof process.versions.node === 'string' &&","                    typeof require('http').createServer === 'function' &&","                    'node';","            }","        }());","        // init global","        local.global = local.modeJs === 'browser'","            ? window","            : global;","        switch (local.modeJs) {","        // re-init local from window.local","        case 'browser':","            local = local.global.utility2.objectSetDefault(","                local.global.utility2_rollup || local.global.local,","                local.global.utility2","            );","            break;","        // re-init local from example.js","        case 'node':","            local = (local.global.utility2_rollup || require('utility2'))","                .requireReadme();","            break;","        }","        // export local","        local.global.local = local;","    }());","","","","    // run shared js-env code - function","    (function () {","        return;","    }());","    switch (local.modeJs) {","","","","    // run browser js-env code - function","    case 'browser':","        break;","","","","    // run node js-env code - function","    case 'node':","        break;","    }","","","","    // run shared js-env code - post-init","    (function () {","        return;","    }());","    switch (local.modeJs) {","","","","    // run browser js-env code - post-init","    case 'browser':","        local.testCase_browser_nullCase = local.testCase_browser_nullCase || function (","            options,","            onError","        ) {","        /*","         * this function will test browsers's null-case handling-behavior-behavior","         */","            onError(null, options);","        };","","        // run tests","        local.nop(local.modeTest &&","            document.querySelector('#testRunButton1') &&","            document.querySelector('#testRunButton1').click());","        break;","","","","    // run node js-env code - post-init","    /* istanbul ignore next */","    case 'node':","        local.testCase_buildApidoc_default = local.testCase_buildApidoc_default || function (","            options,","            onError","        ) {","        /*","         * this function will test buildApidoc's default handling-behavior-behavior","         */","            options = { modulePathList: module.paths };","            local.buildApidoc(options, onError);","        };","","        local.testCase_buildApp_default = local.testCase_buildApp_default || function (","            options,","            onError","        ) {","        /*","         * this function will test buildApp's default handling-behavior-behavior","         */","            local.testCase_buildReadme_default(options, local.onErrorThrow);","            local.testCase_buildLib_default(options, local.onErrorThrow);","            local.testCase_buildTest_default(options, local.onErrorThrow);","            local.testCase_buildCustomOrg_default(options, local.onErrorThrow);","            options = [];","            local.buildApp(options, onError);","        };","","        local.testCase_buildCustomOrg_default = local.testCase_buildCustomOrg_default ||","            function (options, onError) {","            /*","             * this function will test buildCustomOrg's default handling-behavior","             */","                options = {};","                local.buildCustomOrg(options, onError);","            };","","        local.testCase_buildLib_default = local.testCase_buildLib_default || function (","            options,","            onError","        ) {","        /*","         * this function will test buildLib's default handling-behavior","         */","            options = {};","            local.buildLib(options, onError);","        };","","        local.testCase_buildReadme_default = local.testCase_buildReadme_default || function (","            options,","            onError","        ) {","        /*","         * this function will test buildReadme's default handling-behavior-behavior","         */","            options = {};","            local.buildReadme(options, onError);","        };","","        local.testCase_buildTest_default = local.testCase_buildTest_default || function (","            options,","            onError","        ) {","        /*","         * this function will test buildTest's default handling-behavior","         */","            options = {};","            local.buildTest(options, onError);","        };","","        local.testCase_webpage_default = local.testCase_webpage_default || function (","            options,","            onError","        ) {","        /*","         * this function will test webpage's default handling-behavior","         */","            options = { modeCoverageMerge: true, url: local.serverLocalHost + '?modeTest=1' };","            local.browserTest(options, onError);","        };","","        // run test-server","        local.testRunServer(local);","        break;","    }","}());",""],"l":{"12":2,"14":2,"19":2,"21":2,"23":2,"24":2,"25":2,"30":1,"37":2,"40":2,"43":1,"47":1,"50":1,"52":1,"55":2,"61":2,"62":2,"64":2,"70":1,"76":1,"82":2,"83":2,"85":2,"91":1,"98":1,"102":1,"105":1,"112":1,"119":1,"120":1,"123":1,"130":1,"131":1,"132":1,"133":1,"134":1,"135":1,"138":1,"143":2,"144":2,"147":1,"154":2,"155":2,"158":1,"165":2,"166":2,"169":1,"176":2,"177":2,"180":1,"187":1,"188":1,"192":1,"193":1}},"/home/travis/build/npmtest/node-npmtest-maxmind/lib.npmtest_maxmind.js":{"path":"/home/travis/build/npmtest/node-npmtest-maxmind/lib.npmtest_maxmind.js","s":{"1":2,"2":2,"3":2,"4":2,"5":2,"6":2,"7":2,"8":1,"9":2,"10":2,"11":2,"12":2,"13":1,"14":1,"15":1,"16":1},"b":{"1":[2,1,1,1],"2":[1,1,1,1],"3":[1,1],"4":[2,2],"5":[1,1]},"f":{"1":2,"2":2,"3":2},"fnMap":{"1":{"name":"(anonymous_1)","line":12,"loc":{"start":{"line":12,"column":1},"end":{"line":12,"column":13}}},"2":{"name":"(anonymous_2)","line":19,"loc":{"start":{"line":19,"column":5},"end":{"line":19,"column":17}}},"3":{"name":"(anonymous_3)","line":23,"loc":{"start":{"line":23,"column":24},"end":{"line":23,"column":36}}}},"statementMap":{"1":{"start":{"line":12,"column":0},"end":{"line":53,"column":5}},"2":{"start":{"line":14,"column":4},"end":{"line":14,"column":14}},"3":{"start":{"line":19,"column":4},"end":{"line":52,"column":9}},"4":{"start":{"line":21,"column":8},"end":{"line":21,"column":19}},"5":{"start":{"line":23,"column":8},"end":{"line":35,"column":13}},"6":{"start":{"line":24,"column":12},"end":{"line":34,"column":13}},"7":{"start":{"line":25,"column":16},"end":{"line":28,"column":30}},"8":{"start":{"line":30,"column":16},"end":{"line":33,"column":27}},"9":{"start":{"line":37,"column":8},"end":{"line":39,"column":21}},"10":{"start":{"line":41,"column":8},"end":{"line":41,"column":54}},"11":{"start":{"line":43,"column":8},"end":{"line":43,"column":52}},"12":{"start":{"line":45,"column":8},"end":{"line":51,"column":9}},"13":{"start":{"line":46,"column":12},"end":{"line":46,"column":58}},"14":{"start":{"line":48,"column":12},"end":{"line":48,"column":35}},"15":{"start":{"line":49,"column":12},"end":{"line":49,"column":49}},"16":{"start":{"line":50,"column":12},"end":{"line":50,"column":43}}},"branchMap":{"1":{"line":25,"type":"binary-expr","locations":[{"start":{"line":25,"column":23},"end":{"line":25,"column":62}},{"start":{"line":26,"column":20},"end":{"line":26,"column":70}},{"start":{"line":27,"column":20},"end":{"line":27,"column":71}},{"start":{"line":28,"column":20},"end":{"line":28,"column":29}}]},"2":{"line":30,"type":"binary-expr","locations":[{"start":{"line":30,"column":23},"end":{"line":30,"column":37}},{"start":{"line":31,"column":20},"end":{"line":31,"column":61}},{"start":{"line":32,"column":20},"end":{"line":32,"column":70}},{"start":{"line":33,"column":20},"end":{"line":33,"column":26}}]},"3":{"line":37,"type":"cond-expr","locations":[{"start":{"line":38,"column":14},"end":{"line":38,"column":20}},{"start":{"line":39,"column":14},"end":{"line":39,"column":20}}]},"4":{"line":41,"type":"binary-expr","locations":[{"start":{"line":41,"column":16},"end":{"line":41,"column":44}},{"start":{"line":41,"column":48},"end":{"line":41,"column":53}}]},"5":{"line":45,"type":"if","locations":[{"start":{"line":45,"column":8},"end":{"line":45,"column":8}},{"start":{"line":45,"column":8},"end":{"line":45,"column":8}}]}},"code":["/* istanbul instrument in package npmtest_maxmind */","/*jslint","    bitwise: true,","    browser: true,","    maxerr: 8,","    maxlen: 96,","    node: true,","    nomen: true,","    regexp: true,","    stupid: true","*/","(function () {","    'use strict';","    var local;","","","","    // run shared js-env code - pre-init","    (function () {","        // init local","        local = {};","        // init modeJs","        local.modeJs = (function () {","            try {","                return typeof navigator.userAgent === 'string' &&","                    typeof document.querySelector('body') === 'object' &&","                    typeof XMLHttpRequest.prototype.open === 'function' &&","                    'browser';","            } catch (errorCaughtBrowser) {","                return module.exports &&","                    typeof process.versions.node === 'string' &&","                    typeof require('http').createServer === 'function' &&","                    'node';","            }","        }());","        // init global","        local.global = local.modeJs === 'browser'","            ? window","            : global;","        // init utility2_rollup","        local = local.global.utility2_rollup || local;","        // init lib","        local.local = local.npmtest_maxmind = local;","        // init exports","        if (local.modeJs === 'browser') {","            local.global.utility2_npmtest_maxmind = local;","        } else {","            module.exports = local;","            module.exports.__dirname = __dirname;","            module.exports.module = module;","        }","    }());","}());",""],"l":{"12":2,"14":2,"19":2,"21":2,"23":2,"24":2,"25":2,"30":1,"37":2,"41":2,"43":2,"45":2,"46":1,"48":1,"49":1,"50":1}},"/home/travis/build/npmtest/node-npmtest-maxmind/example.js":{"path":"/home/travis/build/npmtest/node-npmtest-maxmind/example.js","s":{"1":2,"2":2,"3":2,"4":2,"5":2,"6":2,"7":2,"8":1,"9":2,"10":2,"11":2,"12":2,"13":1,"14":2,"15":2,"16":2,"17":2,"18":2,"19":0,"20":2,"21":1,"22":1,"23":1,"24":1,"25":1,"26":0,"27":0,"28":1,"29":1,"30":2,"31":0,"32":0,"33":0,"34":1,"35":2,"36":2,"37":3,"38":3,"39":3,"40":3,"41":0,"42":3,"43":3,"44":3,"45":1,"46":3,"47":1,"48":1,"49":1,"50":1,"51":1,"52":1,"53":1,"54":1,"55":1,"56":1,"57":0,"58":1,"59":6,"60":6,"61":1,"62":2,"63":0,"64":2,"65":1,"66":1,"67":0,"68":0,"69":0,"70":0,"71":0,"72":0,"73":0,"74":0,"75":0,"76":0,"77":0,"78":0,"79":0,"80":0,"81":0,"82":0,"83":0},"b":{"1":[2,1,1,1],"2":[1,1,1,1],"3":[1,1],"4":[2,2],"5":[1,1],"6":[1,1],"7":[2,0],"8":[2,1,1,1,1,1],"9":[0,2,0],"10":[1,1],"11":[2,1,1],"12":[1,0],"13":[0,2],"14":[2,0,0,0,0,0,0],"15":[0,3],"16":[3,0],"17":[1,1],"18":[0,1],"19":[1,2,0,2],"20":[1,0],"21":[1,1],"22":[0,0],"23":[0,0],"24":[0,0],"25":[0,0],"26":[0,0],"27":[0,0],"28":[0,0]},"f":{"1":2,"2":2,"3":2,"4":2,"5":2,"6":2,"7":3,"8":3,"9":3,"10":1,"11":6,"12":0},"fnMap":{"1":{"name":"(anonymous_1)","line":26,"loc":{"start":{"line":26,"column":1},"end":{"line":26,"column":13}}},"2":{"name":"(anonymous_2)","line":33,"loc":{"start":{"line":33,"column":5},"end":{"line":33,"column":17}}},"3":{"name":"(anonymous_3)","line":37,"loc":{"start":{"line":37,"column":24},"end":{"line":37,"column":36}}},"4":{"name":"(anonymous_4)","line":69,"loc":{"start":{"line":69,"column":31},"end":{"line":69,"column":48}},"skip":true},"5":{"name":"(anonymous_5)","line":78,"loc":{"start":{"line":78,"column":26},"end":{"line":78,"column":45}},"skip":true},"6":{"name":"(anonymous_6)","line":123,"loc":{"start":{"line":123,"column":33},"end":{"line":123,"column":48}},"skip":true},"7":{"name":"(anonymous_7)","line":125,"loc":{"start":{"line":125,"column":27},"end":{"line":125,"column":39}},"skip":true},"8":{"name":"(anonymous_8)","line":133,"loc":{"start":{"line":133,"column":59},"end":{"line":133,"column":74}},"skip":true},"9":{"name":"(anonymous_9)","line":143,"loc":{"start":{"line":143,"column":45},"end":{"line":143,"column":62}},"skip":true},"10":{"name":"(anonymous_10)","line":144,"loc":{"start":{"line":144,"column":73},"end":{"line":144,"column":92}},"skip":true},"11":{"name":"(anonymous_11)","line":272,"loc":{"start":{"line":272,"column":51},"end":{"line":272,"column":77}},"skip":true},"12":{"name":"(anonymous_12)","line":315,"loc":{"start":{"line":315,"column":32},"end":{"line":315,"column":61}},"skip":true}},"statementMap":{"1":{"start":{"line":26,"column":0},"end":{"line":326,"column":5}},"2":{"start":{"line":28,"column":4},"end":{"line":28,"column":14}},"3":{"start":{"line":33,"column":4},"end":{"line":60,"column":9}},"4":{"start":{"line":35,"column":8},"end":{"line":35,"column":19}},"5":{"start":{"line":37,"column":8},"end":{"line":49,"column":13}},"6":{"start":{"line":38,"column":12},"end":{"line":48,"column":13}},"7":{"start":{"line":39,"column":16},"end":{"line":42,"column":30}},"8":{"start":{"line":44,"column":16},"end":{"line":47,"column":27}},"9":{"start":{"line":51,"column":8},"end":{"line":53,"column":21}},"10":{"start":{"line":55,"column":8},"end":{"line":57,"column":45}},"11":{"start":{"line":59,"column":8},"end":{"line":59,"column":35}},"12":{"start":{"line":61,"column":4},"end":{"line":325,"column":5}},"13":{"start":{"line":69,"column":8},"end":{"line":121,"column":10},"skip":true},"14":{"start":{"line":70,"column":12},"end":{"line":88,"column":13},"skip":true},"15":{"start":{"line":76,"column":16},"end":{"line":87,"column":19},"skip":true},"16":{"start":{"line":79,"column":20},"end":{"line":86,"column":21},"skip":true},"17":{"start":{"line":82,"column":24},"end":{"line":82,"column":43},"skip":true},"18":{"start":{"line":83,"column":24},"end":{"line":83,"column":30},"skip":true},"19":{"start":{"line":85,"column":24},"end":{"line":85,"column":49},"skip":true},"20":{"start":{"line":89,"column":12},"end":{"line":107,"column":13},"skip":true},"21":{"start":{"line":92,"column":16},"end":{"line":102,"column":17},"skip":true},"22":{"start":{"line":93,"column":20},"end":{"line":93,"column":86},"skip":true},"23":{"start":{"line":94,"column":20},"end":{"line":95,"column":45},"skip":true},"24":{"start":{"line":96,"column":20},"end":{"line":96,"column":42},"skip":true},"25":{"start":{"line":97,"column":20},"end":{"line":97,"column":48},"skip":true},"26":{"start":{"line":100,"column":20},"end":{"line":100,"column":85},"skip":true},"27":{"start":{"line":101,"column":20},"end":{"line":101,"column":96},"skip":true},"28":{"start":{"line":103,"column":16},"end":{"line":103,"column":22},"skip":true},"29":{"start":{"line":106,"column":16},"end":{"line":106,"column":22},"skip":true},"30":{"start":{"line":108,"column":12},"end":{"line":120,"column":13},"skip":true},"31":{"start":{"line":114,"column":16},"end":{"line":119,"column":17},"skip":true},"32":{"start":{"line":116,"column":20},"end":{"line":116,"column":78},"skip":true},"33":{"start":{"line":118,"column":20},"end":{"line":118,"column":47},"skip":true},"34":{"start":{"line":123,"column":8},"end":{"line":141,"column":11},"skip":true},"35":{"start":{"line":124,"column":12},"end":{"line":124,"column":54},"skip":true},"36":{"start":{"line":125,"column":12},"end":{"line":140,"column":14},"skip":true},"37":{"start":{"line":126,"column":16},"end":{"line":126,"column":28},"skip":true},"38":{"start":{"line":127,"column":16},"end":{"line":127,"column":69},"skip":true},"39":{"start":{"line":128,"column":16},"end":{"line":128,"column":75},"skip":true},"40":{"start":{"line":129,"column":16},"end":{"line":131,"column":17},"skip":true},"41":{"start":{"line":130,"column":20},"end":{"line":130,"column":27},"skip":true},"42":{"start":{"line":133,"column":16},"end":{"line":137,"column":36},"skip":true},"43":{"start":{"line":134,"column":20},"end":{"line":136,"column":55},"skip":true},"44":{"start":{"line":139,"column":16},"end":{"line":139,"column":57},"skip":true},"45":{"start":{"line":143,"column":8},"end":{"line":147,"column":11},"skip":true},"46":{"start":{"line":144,"column":12},"end":{"line":146,"column":15},"skip":true},"47":{"start":{"line":145,"column":16},"end":{"line":145,"column":70},"skip":true},"48":{"start":{"line":149,"column":8},"end":{"line":149,"column":31},"skip":true},"49":{"start":{"line":150,"column":8},"end":{"line":150,"column":14},"skip":true},"50":{"start":{"line":158,"column":8},"end":{"line":158,"column":31},"skip":true},"51":{"start":{"line":160,"column":8},"end":{"line":160,"column":33},"skip":true},"52":{"start":{"line":161,"column":8},"end":{"line":161,"column":37},"skip":true},"53":{"start":{"line":162,"column":8},"end":{"line":162,"column":35},"skip":true},"54":{"start":{"line":164,"column":8},"end":{"line":164,"column":50},"skip":true},"55":{"start":{"line":166,"column":8},"end":{"line":256,"column":2},"skip":true},"56":{"start":{"line":258,"column":8},"end":{"line":286,"column":9},"skip":true},"57":{"start":{"line":259,"column":12},"end":{"line":269,"column":14},"skip":true},"58":{"start":{"line":271,"column":12},"end":{"line":285,"column":19},"skip":true},"59":{"start":{"line":274,"column":20},"end":{"line":274,"column":35},"skip":true},"60":{"start":{"line":275,"column":20},"end":{"line":284,"column":21},"skip":true},"61":{"start":{"line":277,"column":24},"end":{"line":277,"column":64},"skip":true},"62":{"start":{"line":279,"column":24},"end":{"line":279,"column":40},"skip":true},"63":{"start":{"line":281,"column":24},"end":{"line":281,"column":40},"skip":true},"64":{"start":{"line":283,"column":24},"end":{"line":283,"column":39},"skip":true},"65":{"start":{"line":288,"column":8},"end":{"line":290,"column":9},"skip":true},"66":{"start":{"line":289,"column":12},"end":{"line":289,"column":18},"skip":true},"67":{"start":{"line":291,"column":8},"end":{"line":293,"column":54},"skip":true},"68":{"start":{"line":296,"column":8},"end":{"line":301,"column":37},"skip":true},"69":{"start":{"line":303,"column":8},"end":{"line":303,"column":82},"skip":true},"70":{"start":{"line":306,"column":8},"end":{"line":308,"column":9},"skip":true},"71":{"start":{"line":307,"column":12},"end":{"line":307,"column":82},"skip":true},"72":{"start":{"line":310,"column":8},"end":{"line":312,"column":9},"skip":true},"73":{"start":{"line":311,"column":12},"end":{"line":311,"column":18},"skip":true},"74":{"start":{"line":313,"column":8},"end":{"line":313,"column":54},"skip":true},"75":{"start":{"line":314,"column":8},"end":{"line":314,"column":69},"skip":true},"76":{"start":{"line":315,"column":8},"end":{"line":323,"column":36},"skip":true},"77":{"start":{"line":316,"column":12},"end":{"line":316,"column":61},"skip":true},"78":{"start":{"line":317,"column":12},"end":{"line":320,"column":13},"skip":true},"79":{"start":{"line":318,"column":16},"end":{"line":318,"column":75},"skip":true},"80":{"start":{"line":319,"column":16},"end":{"line":319,"column":23},"skip":true},"81":{"start":{"line":321,"column":12},"end":{"line":321,"column":38},"skip":true},"82":{"start":{"line":322,"column":12},"end":{"line":322,"column":27},"skip":true},"83":{"start":{"line":324,"column":8},"end":{"line":324,"column":14},"skip":true}},"branchMap":{"1":{"line":39,"type":"binary-expr","locations":[{"start":{"line":39,"column":23},"end":{"line":39,"column":62}},{"start":{"line":40,"column":20},"end":{"line":40,"column":70}},{"start":{"line":41,"column":20},"end":{"line":41,"column":71}},{"start":{"line":42,"column":20},"end":{"line":42,"column":29}}]},"2":{"line":44,"type":"binary-expr","locations":[{"start":{"line":44,"column":23},"end":{"line":44,"column":37}},{"start":{"line":45,"column":20},"end":{"line":45,"column":61}},{"start":{"line":46,"column":20},"end":{"line":46,"column":70}},{"start":{"line":47,"column":20},"end":{"line":47,"column":26}}]},"3":{"line":51,"type":"cond-expr","locations":[{"start":{"line":52,"column":14},"end":{"line":52,"column":20}},{"start":{"line":53,"column":14},"end":{"line":53,"column":20}}]},"4":{"line":55,"type":"binary-expr","locations":[{"start":{"line":55,"column":16},"end":{"line":55,"column":44}},{"start":{"line":55,"column":49},"end":{"line":57,"column":43}}]},"5":{"line":55,"type":"cond-expr","locations":[{"start":{"line":56,"column":14},"end":{"line":56,"column":51}},{"start":{"line":57,"column":14},"end":{"line":57,"column":43}}]},"6":{"line":61,"type":"switch","locations":[{"start":{"line":68,"column":4},"end":{"line":150,"column":14},"skip":true},{"start":{"line":156,"column":4},"end":{"line":324,"column":14},"skip":true}]},"7":{"line":70,"type":"if","locations":[{"start":{"line":70,"column":12},"end":{"line":70,"column":12},"skip":true},{"start":{"line":70,"column":12},"end":{"line":70,"column":12},"skip":true}]},"8":{"line":70,"type":"binary-expr","locations":[{"start":{"line":70,"column":16},"end":{"line":70,"column":22},"skip":true},{"start":{"line":70,"column":27},"end":{"line":70,"column":32},"skip":true},{"start":{"line":71,"column":20},"end":{"line":71,"column":39},"skip":true},{"start":{"line":72,"column":20},"end":{"line":72,"column":49},"skip":true},{"start":{"line":73,"column":20},"end":{"line":73,"column":58},"skip":true},{"start":{"line":74,"column":20},"end":{"line":74,"column":69},"skip":true}]},"9":{"line":79,"type":"switch","locations":[{"start":{"line":80,"column":20},"end":{"line":80,"column":33},"skip":true},{"start":{"line":81,"column":20},"end":{"line":83,"column":30},"skip":true},{"start":{"line":84,"column":20},"end":{"line":85,"column":49},"skip":true}]},"10":{"line":89,"type":"switch","locations":[{"start":{"line":90,"column":12},"end":{"line":103,"column":22},"skip":true},{"start":{"line":105,"column":12},"end":{"line":106,"column":22},"skip":true}]},"11":{"line":89,"type":"binary-expr","locations":[{"start":{"line":89,"column":20},"end":{"line":89,"column":25},"skip":true},{"start":{"line":89,"column":29},"end":{"line":89,"column":48},"skip":true},{"start":{"line":89,"column":52},"end":{"line":89,"column":74},"skip":true}]},"12":{"line":92,"type":"if","locations":[{"start":{"line":92,"column":16},"end":{"line":92,"column":16},"skip":true},{"start":{"line":92,"column":16},"end":{"line":92,"column":16},"skip":true}]},"13":{"line":108,"type":"if","locations":[{"start":{"line":108,"column":12},"end":{"line":108,"column":12},"skip":true},{"start":{"line":108,"column":12},"end":{"line":108,"column":12},"skip":true}]},"14":{"line":108,"type":"binary-expr","locations":[{"start":{"line":108,"column":16},"end":{"line":108,"column":61},"skip":true},{"start":{"line":108,"column":66},"end":{"line":108,"column":72},"skip":true},{"start":{"line":108,"column":77},"end":{"line":108,"column":82},"skip":true},{"start":{"line":109,"column":20},"end":{"line":109,"column":39},"skip":true},{"start":{"line":110,"column":20},"end":{"line":110,"column":49},"skip":true},{"start":{"line":111,"column":20},"end":{"line":111,"column":58},"skip":true},{"start":{"line":112,"column":20},"end":{"line":112,"column":68},"skip":true}]},"15":{"line":129,"type":"if","locations":[{"start":{"line":129,"column":16},"end":{"line":129,"column":16},"skip":true},{"start":{"line":129,"column":16},"end":{"line":129,"column":16},"skip":true}]},"16":{"line":134,"type":"cond-expr","locations":[{"start":{"line":135,"column":26},"end":{"line":135,"column":29},"skip":true},{"start":{"line":136,"column":26},"end":{"line":136,"column":54},"skip":true}]},"17":{"line":164,"type":"binary-expr","locations":[{"start":{"line":164,"column":27},"end":{"line":164,"column":43},"skip":true},{"start":{"line":164,"column":47},"end":{"line":164,"column":49},"skip":true}]},"18":{"line":258,"type":"if","locations":[{"start":{"line":258,"column":8},"end":{"line":258,"column":8},"skip":true},{"start":{"line":258,"column":8},"end":{"line":258,"column":8},"skip":true}]},"19":{"line":275,"type":"switch","locations":[{"start":{"line":276,"column":20},"end":{"line":277,"column":64},"skip":true},{"start":{"line":278,"column":20},"end":{"line":279,"column":40},"skip":true},{"start":{"line":280,"column":20},"end":{"line":281,"column":40},"skip":true},{"start":{"line":282,"column":20},"end":{"line":283,"column":39},"skip":true}]},"20":{"line":288,"type":"if","locations":[{"start":{"line":288,"column":8},"end":{"line":288,"column":8},"skip":true},{"start":{"line":288,"column":8},"end":{"line":288,"column":8},"skip":true}]},"21":{"line":288,"type":"binary-expr","locations":[{"start":{"line":288,"column":12},"end":{"line":288,"column":40},"skip":true},{"start":{"line":288,"column":44},"end":{"line":288,"column":67},"skip":true}]},"22":{"line":292,"type":"binary-expr","locations":[{"start":{"line":292,"column":12},"end":{"line":292,"column":50},"skip":true},{"start":{"line":293,"column":12},"end":{"line":293,"column":53},"skip":true}]},"23":{"line":297,"type":"binary-expr","locations":[{"start":{"line":297,"column":12},"end":{"line":297,"column":65},"skip":true},{"start":{"line":298,"column":12},"end":{"line":301,"column":36},"skip":true}]},"24":{"line":303,"type":"binary-expr","locations":[{"start":{"line":303,"column":43},"end":{"line":303,"column":75},"skip":true},{"start":{"line":303,"column":79},"end":{"line":303,"column":81},"skip":true}]},"25":{"line":306,"type":"if","locations":[{"start":{"line":306,"column":8},"end":{"line":306,"column":8},"skip":true},{"start":{"line":306,"column":8},"end":{"line":306,"column":8},"skip":true}]},"26":{"line":310,"type":"if","locations":[{"start":{"line":310,"column":8},"end":{"line":310,"column":8},"skip":true},{"start":{"line":310,"column":8},"end":{"line":310,"column":8},"skip":true}]},"27":{"line":313,"type":"binary-expr","locations":[{"start":{"line":313,"column":27},"end":{"line":313,"column":43},"skip":true},{"start":{"line":313,"column":47},"end":{"line":313,"column":53},"skip":true}]},"28":{"line":317,"type":"if","locations":[{"start":{"line":317,"column":12},"end":{"line":317,"column":12},"skip":true},{"start":{"line":317,"column":12},"end":{"line":317,"column":12},"skip":true}]}},"code":["/*","example.js","","quickstart example","","instruction","    1. save this script as example.js","    2. run the shell command:","        $ npm install npmtest-maxmind && PORT=8081 node example.js","    3. play with the browser-demo on http://127.0.0.1:8081","*/","","","","/* istanbul instrument in package npmtest_maxmind */","/*jslint","    bitwise: true,","    browser: true,","    maxerr: 8,","    maxlen: 96,","    node: true,","    nomen: true,","    regexp: true,","    stupid: true","*/","(function () {","    'use strict';","    var local;","","","","    // run shared js-env code - pre-init","    (function () {","        // init local","        local = {};","        // init modeJs","        local.modeJs = (function () {","            try {","                return typeof navigator.userAgent === 'string' &&","                    typeof document.querySelector('body') === 'object' &&","                    typeof XMLHttpRequest.prototype.open === 'function' &&","                    'browser';","            } catch (errorCaughtBrowser) {","                return module.exports &&","                    typeof process.versions.node === 'string' &&","                    typeof require('http').createServer === 'function' &&","                    'node';","            }","        }());","        // init global","        local.global = local.modeJs === 'browser'","            ? window","            : global;","        // init utility2_rollup","        local = local.global.utility2_rollup || (local.modeJs === 'browser'","            ? local.global.utility2_npmtest_maxmind","            : global.utility2_moduleExports);","        // export local","        local.global.local = local;","    }());","    switch (local.modeJs) {","","","","    // post-init","    // run browser js-env code - post-init","    /* istanbul ignore next */","    case 'browser':","        local.testRunBrowser = function (event) {","            if (!event || (event &&","                    event.currentTarget &&","                    event.currentTarget.className &&","                    event.currentTarget.className.includes &&","                    event.currentTarget.className.includes('onreset'))) {","                // reset output","                Array.from(","                    document.querySelectorAll('body > .resettable')","                ).forEach(function (element) {","                    switch (element.tagName) {","                    case 'INPUT':","                    case 'TEXTAREA':","                        element.value = '';","                        break;","                    default:","                        element.textContent = '';","                    }","                });","            }","            switch (event && event.currentTarget && event.currentTarget.id) {","            case 'testRunButton1':","                // show tests","                if (document.querySelector('#testReportDiv1').style.display === 'none') {","                    document.querySelector('#testReportDiv1').style.display = 'block';","                    document.querySelector('#testRunButton1').textContent =","                        'hide internal test';","                    local.modeTest = true;","                    local.testRunDefault(local);","                // hide tests","                } else {","                    document.querySelector('#testReportDiv1').style.display = 'none';","                    document.querySelector('#testRunButton1').textContent = 'run internal test';","                }","                break;","            // custom-case","            default:","                break;","            }","            if (document.querySelector('#inputTextareaEval1') && (!event || (event &&","                    event.currentTarget &&","                    event.currentTarget.className &&","                    event.currentTarget.className.includes &&","                    event.currentTarget.className.includes('oneval')))) {","                // try to eval input-code","                try {","                    /*jslint evil: true*/","                    eval(document.querySelector('#inputTextareaEval1').value);","                } catch (errorCaught) {","                    console.error(errorCaught);","                }","            }","        };","        // log stderr and stdout to #outputTextareaStdout1","        ['error', 'log'].forEach(function (key) {","            console[key + '_original'] = console[key];","            console[key] = function () {","                var element;","                console[key + '_original'].apply(console, arguments);","                element = document.querySelector('#outputTextareaStdout1');","                if (!element) {","                    return;","                }","                // append text to #outputTextareaStdout1","                element.value += Array.from(arguments).map(function (arg) {","                    return typeof arg === 'string'","                        ? arg","                        : JSON.stringify(arg, null, 4);","                }).join(' ') + '\\n';","                // scroll textarea to bottom","                element.scrollTop = element.scrollHeight;","            };","        });","        // init event-handling","        ['change', 'click', 'keyup'].forEach(function (event) {","            Array.from(document.querySelectorAll('.on' + event)).forEach(function (element) {","                element.addEventListener(event, local.testRunBrowser);","            });","        });","        // run tests","        local.testRunBrowser();","        break;","","","","    // run node js-env code - post-init","    /* istanbul ignore next */","    case 'node':","        // export local","        module.exports = local;","        // require modules","        local.fs = require('fs');","        local.http = require('http');","        local.url = require('url');","        // init assets","        local.assetsDict = local.assetsDict || {};","        /* jslint-ignore-begin */","        local.assetsDict['/assets.index.template.html'] = '\\","<!doctype html>\\n\\","<html lang=\"en\">\\n\\","<head>\\n\\","<meta charset=\"UTF-8\">\\n\\","<meta name=\"viewport\" content=\"width=device-width, initial-scale=1\">\\n\\","<title>{{env.npm_package_name}} (v{{env.npm_package_version}})</title>\\n\\","<style>\\n\\","/*csslint\\n\\","    box-sizing: false,\\n\\","    universal-selector: false\\n\\","*/\\n\\","* {\\n\\","    box-sizing: border-box;\\n\\","}\\n\\","body {\\n\\","    background: #dde;\\n\\","    font-family: Arial, Helvetica, sans-serif;\\n\\","    margin: 2rem;\\n\\","}\\n\\","body > * {\\n\\","    margin-bottom: 1rem;\\n\\","}\\n\\",".utility2FooterDiv {\\n\\","    margin-top: 20px;\\n\\","    text-align: center;\\n\\","}\\n\\","</style>\\n\\","<style>\\n\\","/*csslint\\n\\","*/\\n\\","textarea {\\n\\","    font-family: monospace;\\n\\","    height: 10rem;\\n\\","    width: 100%;\\n\\","}\\n\\","textarea[readonly] {\\n\\","    background: #ddd;\\n\\","}\\n\\","</style>\\n\\","</head>\\n\\","<body>\\n\\","<!-- utility2-comment\\n\\","<div id=\"ajaxProgressDiv1\" style=\"background: #d00; height: 2px; left: 0; margin: 0; padding: 0; position: fixed; top: 0; transition: background 0.5s, width 1.5s; width: 25%;\"></div>\\n\\","utility2-comment -->\\n\\","<h1>\\n\\","<!-- utility2-comment\\n\\","    <a\\n\\","        {{#if env.npm_package_homepage}}\\n\\","        href=\"{{env.npm_package_homepage}}\"\\n\\","        {{/if env.npm_package_homepage}}\\n\\","        target=\"_blank\"\\n\\","    >\\n\\","utility2-comment -->\\n\\","        {{env.npm_package_name}} (v{{env.npm_package_version}})\\n\\","<!-- utility2-comment\\n\\","    </a>\\n\\","utility2-comment -->\\n\\","</h1>\\n\\","<h3>{{env.npm_package_description}}</h3>\\n\\","<!-- utility2-comment\\n\\","<h4><a download href=\"assets.app.js\">download standalone app</a></h4>\\n\\","<button class=\"onclick onreset\" id=\"testRunButton1\">run internal test</button><br>\\n\\","<div id=\"testReportDiv1\" style=\"display: none;\"></div>\\n\\","utility2-comment -->\\n\\","\\n\\","\\n\\","\\n\\","<label>stderr and stdout</label>\\n\\","<textarea class=\"resettable\" id=\"outputTextareaStdout1\" readonly></textarea>\\n\\","<!-- utility2-comment\\n\\","{{#if isRollup}}\\n\\","<script src=\"assets.app.js\"></script>\\n\\","{{#unless isRollup}}\\n\\","utility2-comment -->\\n\\","<script src=\"assets.utility2.rollup.js\"></script>\\n\\","<script src=\"jsonp.utility2._stateInit?callback=window.utility2._stateInit\"></script>\\n\\","<script src=\"assets.npmtest_maxmind.rollup.js\"></script>\\n\\","<script src=\"assets.example.js\"></script>\\n\\","<script src=\"assets.test.js\"></script>\\n\\","<!-- utility2-comment\\n\\","{{/if isRollup}}\\n\\","utility2-comment -->\\n\\","<div class=\"utility2FooterDiv\">\\n\\","    [ this app was created with\\n\\","    <a href=\"https://github.com/kaizhu256/node-utility2\" target=\"_blank\">utility2</a>\\n\\","    ]\\n\\","</div>\\n\\","</body>\\n\\","</html>\\n\\","';","        /* jslint-ignore-end */","        if (local.templateRender) {","            local.assetsDict['/'] = local.templateRender(","                local.assetsDict['/assets.index.template.html'],","                {","                    env: local.objectSetDefault(local.env, {","                        npm_package_description: 'the greatest app in the world!',","                        npm_package_name: 'my-app',","                        npm_package_nameAlias: 'my_app',","                        npm_package_version: '0.0.1'","                    })","                }","            );","        } else {","            local.assetsDict['/'] = local.assetsDict['/assets.index.template.html']","                .replace((/\\{\\{env\\.(\\w+?)\\}\\}/g), function (match0, match1) {","                    // jslint-hack","                    String(match0);","                    switch (match1) {","                    case 'npm_package_description':","                        return 'the greatest app in the world!';","                    case 'npm_package_name':","                        return 'my-app';","                    case 'npm_package_nameAlias':","                        return 'my_app';","                    case 'npm_package_version':","                        return '0.0.1';","                    }","                });","        }","        // run the cli","        if (local.global.utility2_rollup || module !== require.main) {","            break;","        }","        local.assetsDict['/assets.example.js'] =","            local.assetsDict['/assets.example.js'] ||","            local.fs.readFileSync(__filename, 'utf8');","        // bug-workaround - long $npm_package_buildCustomOrg","        /* jslint-ignore-begin */","        local.assetsDict['/assets.npmtest_maxmind.rollup.js'] =","            local.assetsDict['/assets.npmtest_maxmind.rollup.js'] ||","            local.fs.readFileSync(","                local.npmtest_maxmind.__dirname + '/lib.npmtest_maxmind.js',","                'utf8'","            ).replace((/^#!/), '//');","        /* jslint-ignore-end */","        local.assetsDict['/favicon.ico'] = local.assetsDict['/favicon.ico'] || '';","        // if $npm_config_timeout_exit exists,","        // then exit this process after $npm_config_timeout_exit ms","        if (Number(process.env.npm_config_timeout_exit)) {","            setTimeout(process.exit, Number(process.env.npm_config_timeout_exit));","        }","        // start server","        if (local.global.utility2_serverHttp1) {","            break;","        }","        process.env.PORT = process.env.PORT || '8081';","        console.error('server starting on port ' + process.env.PORT);","        local.http.createServer(function (request, response) {","            request.urlParsed = local.url.parse(request.url);","            if (local.assetsDict[request.urlParsed.pathname] !== undefined) {","                response.end(local.assetsDict[request.urlParsed.pathname]);","                return;","            }","            response.statusCode = 404;","            response.end();","        }).listen(process.env.PORT);","        break;","    }","}());",""],"l":{"26":2,"28":2,"33":2,"35":2,"37":2,"38":2,"39":2,"44":1,"51":2,"55":2,"59":2,"61":2,"69":1,"70":2,"76":2,"79":2,"82":2,"83":2,"85":1,"89":2,"92":1,"93":1,"94":1,"96":1,"97":1,"100":1,"101":1,"103":1,"106":1,"108":2,"114":1,"116":1,"118":1,"123":1,"124":2,"125":2,"126":3,"127":3,"128":3,"129":3,"130":1,"133":3,"134":3,"139":3,"143":1,"144":3,"145":1,"149":1,"150":1,"158":1,"160":1,"161":1,"162":1,"164":1,"166":1,"258":1,"259":1,"271":1,"274":6,"275":6,"277":1,"279":2,"281":1,"283":2,"288":1,"289":1,"291":1,"296":1,"303":1,"306":1,"307":1,"310":1,"311":1,"313":1,"314":1,"315":1,"316":1,"317":1,"318":1,"319":1,"321":1,"322":1,"324":1}},"/home/travis/build/npmtest/node-npmtest-maxmind/node_modules/maxmind/index.js":{"path":"/home/travis/build/npmtest/node-npmtest-maxmind/node_modules/maxmind/index.js","s":{"1":1,"2":1,"3":1,"4":1,"5":1,"6":1,"7":1,"8":1,"9":0,"10":0,"11":0,"12":0,"13":0,"14":0,"15":0,"16":0,"17":0,"18":0,"19":0,"20":0,"21":0,"22":0,"23":0,"24":0,"25":1,"26":0,"27":0,"28":0,"29":0,"30":0,"31":1,"32":0,"33":1},"b":{"1":[0,0],"2":[0,0],"3":[0,0],"4":[0,0],"5":[0,0],"6":[0,0],"7":[0,0],"8":[0,0]},"f":{"1":0,"2":0,"3":0,"4":0,"5":0,"6":0,"7":0},"fnMap":{"1":{"name":"(anonymous_1)","line":12,"loc":{"start":{"line":12,"column":15},"end":{"line":12,"column":44}}},"2":{"name":"(anonymous_2)","line":17,"loc":{"start":{"line":17,"column":24},"end":{"line":17,"column":48}}},"3":{"name":"(anonymous_3)","line":24,"loc":{"start":{"line":24,"column":25},"end":{"line":24,"column":36}}},"4":{"name":"(anonymous_4)","line":25,"loc":{"start":{"line":25,"column":30},"end":{"line":25,"column":54}}},"5":{"name":"(anonymous_5)","line":35,"loc":{"start":{"line":35,"column":19},"end":{"line":35,"column":44}}},"6":{"name":"(anonymous_6)","line":38,"loc":{"start":{"line":38,"column":23},"end":{"line":38,"column":34}}},"7":{"name":"(anonymous_7)","line":46,"loc":{"start":{"line":46,"column":15},"end":{"line":46,"column":26}}}},"statementMap":{"1":{"start":{"line":3,"column":0},"end":{"line":3,"column":31}},"2":{"start":{"line":4,"column":0},"end":{"line":4,"column":23}},"3":{"start":{"line":5,"column":0},"end":{"line":5,"column":37}},"4":{"start":{"line":6,"column":0},"end":{"line":6,"column":29}},"5":{"start":{"line":7,"column":0},"end":{"line":7,"column":38}},"6":{"start":{"line":8,"column":0},"end":{"line":8,"column":35}},"7":{"start":{"line":10,"column":0},"end":{"line":10,"column":24}},"8":{"start":{"line":12,"column":0},"end":{"line":33,"column":2}},"9":{"start":{"line":13,"column":2},"end":{"line":13,"column":21}},"10":{"start":{"line":13,"column":11},"end":{"line":13,"column":21}},"11":{"start":{"line":14,"column":2},"end":{"line":15,"column":80}},"12":{"start":{"line":17,"column":2},"end":{"line":32,"column":5}},"13":{"start":{"line":18,"column":4},"end":{"line":18,"column":28}},"14":{"start":{"line":18,"column":13},"end":{"line":18,"column":28}},"15":{"start":{"line":19,"column":4},"end":{"line":21,"column":5}},"16":{"start":{"line":20,"column":6},"end":{"line":20,"column":117}},"17":{"start":{"line":22,"column":4},"end":{"line":22,"column":44}},"18":{"start":{"line":23,"column":4},"end":{"line":30,"column":5}},"19":{"start":{"line":24,"column":6},"end":{"line":29,"column":9}},"20":{"start":{"line":25,"column":8},"end":{"line":28,"column":11}},"21":{"start":{"line":26,"column":10},"end":{"line":26,"column":34}},"22":{"start":{"line":26,"column":19},"end":{"line":26,"column":34}},"23":{"start":{"line":27,"column":10},"end":{"line":27,"column":32}},"24":{"start":{"line":31,"column":4},"end":{"line":31,"column":21}},"25":{"start":{"line":35,"column":0},"end":{"line":44,"column":2}},"26":{"start":{"line":36,"column":2},"end":{"line":36,"column":59}},"27":{"start":{"line":37,"column":2},"end":{"line":41,"column":3}},"28":{"start":{"line":38,"column":4},"end":{"line":40,"column":7}},"29":{"start":{"line":39,"column":6},"end":{"line":39,"column":45}},"30":{"start":{"line":43,"column":2},"end":{"line":43,"column":16}},"31":{"start":{"line":46,"column":0},"end":{"line":48,"column":2}},"32":{"start":{"line":47,"column":2},"end":{"line":47,"column":44}},"33":{"start":{"line":50,"column":0},"end":{"line":50,"column":31}}},"branchMap":{"1":{"line":13,"type":"if","locations":[{"start":{"line":13,"column":2},"end":{"line":13,"column":2}},{"start":{"line":13,"column":2},"end":{"line":13,"column":2}}]},"2":{"line":18,"type":"if","locations":[{"start":{"line":18,"column":4},"end":{"line":18,"column":4}},{"start":{"line":18,"column":4},"end":{"line":18,"column":4}}]},"3":{"line":19,"type":"if","locations":[{"start":{"line":19,"column":4},"end":{"line":19,"column":4}},{"start":{"line":19,"column":4},"end":{"line":19,"column":4}}]},"4":{"line":23,"type":"if","locations":[{"start":{"line":23,"column":4},"end":{"line":23,"column":4}},{"start":{"line":23,"column":4},"end":{"line":23,"column":4}}]},"5":{"line":23,"type":"binary-expr","locations":[{"start":{"line":23,"column":8},"end":{"line":23,"column":12}},{"start":{"line":23,"column":16},"end":{"line":23,"column":38}}]},"6":{"line":26,"type":"if","locations":[{"start":{"line":26,"column":10},"end":{"line":26,"column":10}},{"start":{"line":26,"column":10},"end":{"line":26,"column":10}}]},"7":{"line":37,"type":"if","locations":[{"start":{"line":37,"column":2},"end":{"line":37,"column":2}},{"start":{"line":37,"column":2},"end":{"line":37,"column":2}}]},"8":{"line":37,"type":"binary-expr","locations":[{"start":{"line":37,"column":6},"end":{"line":37,"column":10}},{"start":{"line":37,"column":14},"end":{"line":37,"column":36}}]}},"code":["'use strict';","","var assert = require('assert');","var fs = require('fs');","var Reader = require('./lib/reader');","var ip = require('./lib/ip');","var isGzip = require('./lib/is-gzip');","var utils = require('./lib/utils');","","exports.Reader = Reader;","","exports.open = function(filepath, opts, cb) {","  if (!cb) cb = opts;","  assert.equal(typeof cb, 'function', 'Callback function must be provided. \\","    If you want to open library synchronously, use maxmind.openSync function.');","","  fs.readFile(filepath, function(err, database) {","    if (err) return cb(err);","    if (isGzip(database)) {","      return cb(new Error('Looks like you are passing in a file in gzip format, please use mmdb database instead.'));","    }","    var reader = new Reader(database, opts);","    if (opts && !!opts.watchForUpdates) {","      fs.watch(filepath, function() {","        fs.readFile(filepath, function(err, database) {","          if (err) return cb(err);","          reader.load(database);","        });","      });","    }","    cb(null, reader);","  });","};","","exports.openSync = function(filepath, opts) {","  var reader = new Reader(fs.readFileSync(filepath), opts);","  if (opts && !!opts.watchForUpdates) {","    fs.watch(filepath, function() {","      reader.load(fs.readFileSync(filepath));","    });","  }","","  return reader;","};","","exports.init = function() {","  throw new Error(utils.legacyErrorMessage);","};","","exports.validate = ip.validate;",""],"l":{"3":1,"4":1,"5":1,"6":1,"7":1,"8":1,"10":1,"12":1,"13":0,"14":0,"17":0,"18":0,"19":0,"20":0,"22":0,"23":0,"24":0,"25":0,"26":0,"27":0,"31":0,"35":1,"36":0,"37":0,"38":0,"39":0,"43":0,"46":1,"47":0,"50":1}},"/home/travis/build/npmtest/node-npmtest-maxmind/node_modules/maxmind/lib/reader.js":{"path":"/home/travis/build/npmtest/node-npmtest-maxmind/node_modules/maxmind/lib/reader.js","s":{"1":1,"2":1,"3":1,"4":1,"5":1,"6":1,"7":1,"8":1,"9":0,"10":0,"11":0,"12":0,"13":0,"14":0,"15":1,"16":0,"17":0,"18":0,"19":0,"20":1,"21":0,"22":0,"23":0,"24":0,"25":0,"26":0,"27":0,"28":0,"29":0,"30":0,"31":1,"32":0,"33":0,"34":1,"35":0,"36":0,"37":0,"38":0,"39":0,"40":0,"41":0,"42":0,"43":0,"44":0,"45":0,"46":0,"47":0,"48":0,"49":0,"50":1,"51":0,"52":1,"53":0,"54":1,"55":0,"56":1,"57":0,"58":1,"59":0,"60":1,"61":0,"62":1,"63":0,"64":0,"65":0,"66":0,"67":0,"68":0},"b":{"1":[0,0],"2":[0,0],"3":[0,0],"4":[0,0],"5":[0,0,0],"6":[0,0],"7":[0,0],"8":[0,0],"9":[0,0],"10":[0,0],"11":[0,0],"12":[0,0]},"f":{"1":0,"2":0,"3":0,"4":0,"5":0,"6":0,"7":0,"8":0,"9":0,"10":0,"11":0,"12":0},"fnMap":{"1":{"name":"Reader","line":14,"loc":{"start":{"line":14,"column":0},"end":{"line":14,"column":26}}},"2":{"name":"(anonymous_2)","line":24,"loc":{"start":{"line":24,"column":24},"end":{"line":24,"column":37}}},"3":{"name":"(anonymous_3)","line":33,"loc":{"start":{"line":33,"column":37},"end":{"line":33,"column":58}}},"4":{"name":"(anonymous_4)","line":51,"loc":{"start":{"line":51,"column":23},"end":{"line":51,"column":43}}},"5":{"name":"(anonymous_5)","line":57,"loc":{"start":{"line":57,"column":37},"end":{"line":57,"column":57}}},"6":{"name":"(anonymous_6)","line":101,"loc":{"start":{"line":101,"column":22},"end":{"line":101,"column":39}}},"7":{"name":"(anonymous_7)","line":109,"loc":{"start":{"line":109,"column":21},"end":{"line":109,"column":38}}},"8":{"name":"(anonymous_8)","line":118,"loc":{"start":{"line":118,"column":21},"end":{"line":118,"column":38}}},"9":{"name":"(anonymous_9)","line":127,"loc":{"start":{"line":127,"column":22},"end":{"line":127,"column":39}}},"10":{"name":"(anonymous_10)","line":136,"loc":{"start":{"line":136,"column":21},"end":{"line":136,"column":38}}},"11":{"name":"(anonymous_11)","line":140,"loc":{"start":{"line":140,"column":22},"end":{"line":140,"column":39}}},"12":{"name":"(anonymous_12)","line":145,"loc":{"start":{"line":145,"column":38},"end":{"line":145,"column":56}}}},"statementMap":{"1":{"start":{"line":3,"column":0},"end":{"line":3,"column":31}},"2":{"start":{"line":4,"column":0},"end":{"line":4,"column":37}},"3":{"start":{"line":5,"column":0},"end":{"line":5,"column":35}},"4":{"start":{"line":6,"column":0},"end":{"line":6,"column":29}},"5":{"start":{"line":7,"column":0},"end":{"line":7,"column":31}},"6":{"start":{"line":9,"column":0},"end":{"line":9,"column":37}},"7":{"start":{"line":12,"column":0},"end":{"line":12,"column":24}},"8":{"start":{"line":14,"column":0},"end":{"line":22,"column":1}},"9":{"start":{"line":15,"column":2},"end":{"line":15,"column":20}},"10":{"start":{"line":16,"column":2},"end":{"line":16,"column":32}},"11":{"start":{"line":17,"column":2},"end":{"line":17,"column":43}},"12":{"start":{"line":18,"column":2},"end":{"line":18,"column":58}},"13":{"start":{"line":20,"column":2},"end":{"line":20,"column":31}},"14":{"start":{"line":21,"column":2},"end":{"line":21,"column":16}},"15":{"start":{"line":24,"column":0},"end":{"line":31,"column":2}},"16":{"start":{"line":25,"column":2},"end":{"line":25,"column":15}},"17":{"start":{"line":27,"column":2},"end":{"line":27,"column":40}},"18":{"start":{"line":28,"column":2},"end":{"line":28,"column":98}},"19":{"start":{"line":30,"column":2},"end":{"line":30,"column":51}},"20":{"start":{"line":33,"column":0},"end":{"line":48,"column":2}},"21":{"start":{"line":34,"column":2},"end":{"line":47,"column":3}},"22":{"start":{"line":36,"column":6},"end":{"line":36,"column":41}},"23":{"start":{"line":37,"column":6},"end":{"line":37,"column":43}},"24":{"start":{"line":38,"column":6},"end":{"line":38,"column":12}},"25":{"start":{"line":40,"column":6},"end":{"line":40,"column":41}},"26":{"start":{"line":41,"column":6},"end":{"line":41,"column":43}},"27":{"start":{"line":42,"column":6},"end":{"line":42,"column":12}},"28":{"start":{"line":44,"column":6},"end":{"line":44,"column":41}},"29":{"start":{"line":45,"column":6},"end":{"line":45,"column":43}},"30":{"start":{"line":46,"column":6},"end":{"line":46,"column":12}},"31":{"start":{"line":51,"column":0},"end":{"line":54,"column":2}},"32":{"start":{"line":52,"column":2},"end":{"line":52,"column":50}},"33":{"start":{"line":53,"column":2},"end":{"line":53,"column":59}},"34":{"start":{"line":57,"column":0},"end":{"line":98,"column":2}},"35":{"start":{"line":58,"column":2},"end":{"line":58,"column":43}},"36":{"start":{"line":59,"column":2},"end":{"line":59,"column":42}},"37":{"start":{"line":64,"column":2},"end":{"line":64,"column":93}},"38":{"start":{"line":72,"column":2},"end":{"line":72,"column":10}},"39":{"start":{"line":73,"column":2},"end":{"line":73,"column":30}},"40":{"start":{"line":74,"column":2},"end":{"line":74,"column":22}},"41":{"start":{"line":76,"column":2},"end":{"line":97,"column":3}},"42":{"start":{"line":77,"column":4},"end":{"line":77,"column":51}},"43":{"start":{"line":78,"column":4},"end":{"line":78,"column":53}},"44":{"start":{"line":80,"column":4},"end":{"line":82,"column":32}},"45":{"start":{"line":86,"column":4},"end":{"line":96,"column":5}},"46":{"start":{"line":87,"column":6},"end":{"line":87,"column":27}},"47":{"start":{"line":90,"column":11},"end":{"line":96,"column":5}},"48":{"start":{"line":91,"column":6},"end":{"line":91,"column":21}},"49":{"start":{"line":95,"column":6},"end":{"line":95,"column":18}},"50":{"start":{"line":101,"column":0},"end":{"line":107,"column":2}},"51":{"start":{"line":102,"column":2},"end":{"line":106,"column":4}},"52":{"start":{"line":109,"column":0},"end":{"line":115,"column":2}},"53":{"start":{"line":110,"column":2},"end":{"line":114,"column":4}},"54":{"start":{"line":118,"column":0},"end":{"line":125,"column":2}},"55":{"start":{"line":119,"column":2},"end":{"line":124,"column":4}},"56":{"start":{"line":127,"column":0},"end":{"line":134,"column":2}},"57":{"start":{"line":128,"column":2},"end":{"line":133,"column":4}},"58":{"start":{"line":136,"column":0},"end":{"line":138,"column":2}},"59":{"start":{"line":137,"column":2},"end":{"line":137,"column":44}},"60":{"start":{"line":140,"column":0},"end":{"line":142,"column":2}},"61":{"start":{"line":141,"column":2},"end":{"line":141,"column":48}},"62":{"start":{"line":145,"column":0},"end":{"line":162,"column":2}},"63":{"start":{"line":146,"column":2},"end":{"line":148,"column":3}},"64":{"start":{"line":147,"column":4},"end":{"line":147,"column":35}},"65":{"start":{"line":157,"column":2},"end":{"line":157,"column":82}},"66":{"start":{"line":159,"column":2},"end":{"line":159,"column":51}},"67":{"start":{"line":160,"column":2},"end":{"line":160,"column":34}},"68":{"start":{"line":161,"column":2},"end":{"line":161,"column":16}}},"branchMap":{"1":{"line":15,"type":"binary-expr","locations":[{"start":{"line":15,"column":9},"end":{"line":15,"column":13}},{"start":{"line":15,"column":17},"end":{"line":15,"column":19}}]},"2":{"line":16,"type":"binary-expr","locations":[{"start":{"line":16,"column":15},"end":{"line":16,"column":25}},{"start":{"line":16,"column":29},"end":{"line":16,"column":31}}]},"3":{"line":17,"type":"binary-expr","locations":[{"start":{"line":17,"column":19},"end":{"line":17,"column":33}},{"start":{"line":17,"column":37},"end":{"line":17,"column":42}}]},"4":{"line":18,"type":"binary-expr","locations":[{"start":{"line":18,"column":22},"end":{"line":18,"column":39}},{"start":{"line":18,"column":43},"end":{"line":18,"column":57}}]},"5":{"line":34,"type":"switch","locations":[{"start":{"line":35,"column":4},"end":{"line":38,"column":12}},{"start":{"line":39,"column":4},"end":{"line":42,"column":12}},{"start":{"line":43,"column":4},"end":{"line":46,"column":12}}]},"6":{"line":53,"type":"cond-expr","locations":[{"start":{"line":53,"column":19},"end":{"line":53,"column":51}},{"start":{"line":53,"column":54},"end":{"line":53,"column":58}}]},"7":{"line":64,"type":"cond-expr","locations":[{"start":{"line":64,"column":80},"end":{"line":64,"column":88}},{"start":{"line":64,"column":91},"end":{"line":64,"column":92}}]},"8":{"line":64,"type":"binary-expr","locations":[{"start":{"line":64,"column":20},"end":{"line":64,"column":49}},{"start":{"line":64,"column":53},"end":{"line":64,"column":76}}]},"9":{"line":80,"type":"cond-expr","locations":[{"start":{"line":81,"column":6},"end":{"line":81,"column":32}},{"start":{"line":82,"column":6},"end":{"line":82,"column":31}}]},"10":{"line":86,"type":"if","locations":[{"start":{"line":86,"column":4},"end":{"line":86,"column":4}},{"start":{"line":86,"column":4},"end":{"line":86,"column":4}}]},"11":{"line":90,"type":"if","locations":[{"start":{"line":90,"column":11},"end":{"line":90,"column":11}},{"start":{"line":90,"column":11},"end":{"line":90,"column":11}}]},"12":{"line":146,"type":"if","locations":[{"start":{"line":146,"column":2},"end":{"line":146,"column":2}},{"start":{"line":146,"column":2},"end":{"line":146,"column":2}}]}},"code":["'use strict';","","var LRU = require('lru-cache');","var Metadata = require('./metadata');","var Decoder = require('./decoder');","var ipUtil = require('./ip');","var utils = require('./utils');","","var DATA_SECTION_SEPARATOR_SIZE = 16;","","","module.exports = Reader;","","function Reader(db, opts) {","  opts = opts || {};","  opts.cache = opts.cache || {};","  opts.cache.max = opts.cache.max || 50000;","  opts.cache.maxAge = opts.cache.maxAge || 60 * 60 * 1000; // 1hr","","  this.cache = LRU(opts.cache);","  this.load(db);","}","","Reader.prototype.load = function(db) {","  this.db = db;","","  this.metadata = new Metadata(this.db);","  this.decoder = new Decoder(this.db, this.metadata.searchTreeSize + DATA_SECTION_SEPARATOR_SIZE);","","  this.setupNodeReaderFn(this.metadata.recordSize);","};","","Reader.prototype.setupNodeReaderFn = function(recordSize) {","  switch (recordSize) {","    case 24:","      this.readNodeLeft = readNodeLeft24;","      this.readNodeRight = readNodeRight24;","      break;","    case 28:","      this.readNodeLeft = readNodeLeft28;","      this.readNodeRight = readNodeRight28;","      break;","    case 32:","      this.readNodeLeft = readNodeLeft32;","      this.readNodeRight = readNodeRight32;","      break;","  }","};","","","Reader.prototype.get = function(ipAddress) {","  var pointer = this.findAddressInTree(ipAddress);","  return pointer ? this.resolveDataPointer(pointer) : null;","};","","","Reader.prototype.findAddressInTree = function(ipAddress) {","  var rawAddress = ipUtil.parse(ipAddress);","  var nodeCount = this.metadata.nodeCount;","","  // When storing IPv4 addresses in an IPv6 tree, they are stored as-is, so they","  // occupy the first 32-bits of the address space (from 0 to 2**32 - 1).","  // Which means they're padded with zeros.","  var ipStartBit = (this.metadata.ipVersion === 6 && rawAddress.length === 4) ? 128 - 32 : 0;","","  // Binary search tree consists of certain (`nodeCount`) number of nodes. Tree","  // depth depends on the ip version, it's 32 for IPv4 and 128 for IPv6. Each","  // tree node has the same fixed length and usually 6-8 bytes. It consists","  // of two records, left and right:","  // |         node        |","  // | 0x000000 | 0x000000 |","  var bit;","  var nodeNumber = ipStartBit;","  var pointer, offset;","","  for (var i = ipStartBit; i < this.metadata.treeDepth; i++) {","    bit = ipUtil.bitAt(rawAddress, i - ipStartBit);","    offset = nodeNumber * this.metadata.nodeByteSize;","","    pointer = bit ?","      this.readNodeRight(offset) :","      this.readNodeLeft(offset);","","    // Record value can point to one of three things:","    // 1. Another node in the tree (most common case)","    if (pointer < nodeCount) {","      nodeNumber = pointer;","","    // 2. Data section address with relevant information (less common case)","    } else if (pointer > nodeCount) {","      return pointer;","","    // 3. Point to the value of `nodeCount`, which means IP address is unknown","    } else {","      return null;","    }","  }","};","","","var readNodeRight24 = function(offset) {","  return utils.concat3(","    this.db[offset + 3],","    this.db[offset + 4],","    this.db[offset + 5]","  );","};","","var readNodeLeft24 = function(offset) {","  return utils.concat3(","    this.db[offset],","    this.db[offset + 1],","    this.db[offset + 2]","  );","};","","","var readNodeLeft28 = function(offset) {","  return utils.concat4(","    this.db[offset + 3] >> 4,","    this.db[offset],","    this.db[offset + 1],","    this.db[offset + 2]","  );","};","","var readNodeRight28 = function(offset) {","  return utils.concat4(","    this.db[offset + 3] & 0x0f,","    this.db[offset + 4],","    this.db[offset + 5],","    this.db[offset + 6]","  );","};","","var readNodeLeft32 = function(offset) {","  return this.db.readUInt32BE(offset, true);","};","","var readNodeRight32 = function(offset) {","  return this.db.readUInt32BE(offset + 4, true);","};","","","Reader.prototype.resolveDataPointer = function(pointer) {","  if (this.cache.has(pointer)) {","    return this.cache.get(pointer);","  }","","  // In order to determine where in the file this offset really points to, we also","  // need to know where the data section starts. This can be calculated by","  // determining the size of the search tree in bytes and then adding an additional","  // 16 bytes for the data section separator.","  // So the final formula to determine the offset in the file is:","  //     $offset_in_file = ( $record_value - $node_count )","  //                       + $search_tree_size_in_bytes","  var resolved = pointer - this.metadata.nodeCount + this.metadata.searchTreeSize;","","  var result = this.decoder.decode(resolved).value;","  this.cache.set(pointer, result);","  return result;","};",""],"l":{"3":1,"4":1,"5":1,"6":1,"7":1,"9":1,"12":1,"14":1,"15":0,"16":0,"17":0,"18":0,"20":0,"21":0,"24":1,"25":0,"27":0,"28":0,"30":0,"33":1,"34":0,"36":0,"37":0,"38":0,"40":0,"41":0,"42":0,"44":0,"45":0,"46":0,"51":1,"52":0,"53":0,"57":1,"58":0,"59":0,"64":0,"72":0,"73":0,"74":0,"76":0,"77":0,"78":0,"80":0,"86":0,"87":0,"90":0,"91":0,"95":0,"101":1,"102":0,"109":1,"110":0,"118":1,"119":0,"127":1,"128":0,"136":1,"137":0,"140":1,"141":0,"145":1,"146":0,"147":0,"157":0,"159":0,"160":0,"161":0}},"/home/travis/build/npmtest/node-npmtest-maxmind/node_modules/maxmind/lib/metadata.js":{"path":"/home/travis/build/npmtest/node-npmtest-maxmind/node_modules/maxmind/lib/metadata.js","s":{"1":1,"2":1,"3":1,"4":1,"5":1,"6":1,"7":0,"8":0,"9":0,"10":0,"11":0,"12":0,"13":0,"14":0,"15":0,"16":0,"17":0,"18":0,"19":0,"20":0,"21":0,"22":0,"23":0,"24":0,"25":1,"26":0,"27":0,"28":0,"29":0,"30":1,"31":0,"32":0,"33":0,"34":0,"35":0,"36":0},"b":{"1":[0,0],"2":[0,0],"3":[0,0],"4":[0,0],"5":[0,0],"6":[0,0,0]},"f":{"1":0,"2":0,"3":0},"fnMap":{"1":{"name":"Metadata","line":12,"loc":{"start":{"line":12,"column":0},"end":{"line":12,"column":22}}},"2":{"name":"(anonymous_2)","line":41,"loc":{"start":{"line":41,"column":31},"end":{"line":41,"column":44}}},"3":{"name":"(anonymous_3)","line":53,"loc":{"start":{"line":53,"column":36},"end":{"line":53,"column":49}}}},"statementMap":{"1":{"start":{"line":3,"column":0},"end":{"line":3,"column":31}},"2":{"start":{"line":4,"column":0},"end":{"line":4,"column":35}},"3":{"start":{"line":5,"column":0},"end":{"line":5,"column":31}},"4":{"start":{"line":7,"column":0},"end":{"line":7,"column":78}},"5":{"start":{"line":10,"column":0},"end":{"line":10,"column":26}},"6":{"start":{"line":12,"column":0},"end":{"line":38,"column":1}},"7":{"start":{"line":13,"column":2},"end":{"line":13,"column":34}},"8":{"start":{"line":14,"column":2},"end":{"line":14,"column":40}},"9":{"start":{"line":15,"column":2},"end":{"line":15,"column":46}},"10":{"start":{"line":17,"column":2},"end":{"line":19,"column":3}},"11":{"start":{"line":18,"column":4},"end":{"line":18,"column":105}},"12":{"start":{"line":21,"column":2},"end":{"line":21,"column":71}},"13":{"start":{"line":22,"column":2},"end":{"line":22,"column":71}},"14":{"start":{"line":23,"column":2},"end":{"line":23,"column":58}},"15":{"start":{"line":24,"column":2},"end":{"line":24,"column":45}},"16":{"start":{"line":25,"column":2},"end":{"line":25,"column":38}},"17":{"start":{"line":26,"column":2},"end":{"line":26,"column":42}},"18":{"start":{"line":27,"column":2},"end":{"line":27,"column":39}},"19":{"start":{"line":28,"column":2},"end":{"line":28,"column":39}},"20":{"start":{"line":30,"column":2},"end":{"line":30,"column":41}},"21":{"start":{"line":31,"column":2},"end":{"line":31,"column":80}},"22":{"start":{"line":33,"column":2},"end":{"line":33,"column":42}},"23":{"start":{"line":34,"column":2},"end":{"line":34,"column":59}},"24":{"start":{"line":37,"column":2},"end":{"line":37,"column":51}},"25":{"start":{"line":41,"column":0},"end":{"line":50,"column":2}},"26":{"start":{"line":42,"column":2},"end":{"line":44,"column":26}},"27":{"start":{"line":46,"column":2},"end":{"line":48,"column":3}},"28":{"start":{"line":47,"column":4},"end":{"line":47,"column":78}},"29":{"start":{"line":49,"column":2},"end":{"line":49,"column":23}},"30":{"start":{"line":53,"column":0},"end":{"line":66,"column":2}},"31":{"start":{"line":54,"column":2},"end":{"line":54,"column":32}},"32":{"start":{"line":56,"column":2},"end":{"line":63,"column":3}},"33":{"start":{"line":57,"column":4},"end":{"line":57,"column":59}},"34":{"start":{"line":60,"column":4},"end":{"line":62,"column":5}},"35":{"start":{"line":61,"column":6},"end":{"line":61,"column":18}},"36":{"start":{"line":65,"column":2},"end":{"line":65,"column":15}}},"branchMap":{"1":{"line":17,"type":"if","locations":[{"start":{"line":17,"column":2},"end":{"line":17,"column":2}},{"start":{"line":17,"column":2},"end":{"line":17,"column":2}}]},"2":{"line":18,"type":"cond-expr","locations":[{"start":{"line":18,"column":46},"end":{"line":18,"column":70}},{"start":{"line":18,"column":73},"end":{"line":18,"column":103}}]},"3":{"line":46,"type":"binary-expr","locations":[{"start":{"line":46,"column":9},"end":{"line":46,"column":22}},{"start":{"line":46,"column":26},"end":{"line":46,"column":37}}]},"4":{"line":47,"type":"cond-expr","locations":[{"start":{"line":47,"column":67},"end":{"line":47,"column":68}},{"start":{"line":47,"column":71},"end":{"line":47,"column":77}}]},"5":{"line":60,"type":"if","locations":[{"start":{"line":60,"column":4},"end":{"line":60,"column":4}},{"start":{"line":60,"column":4},"end":{"line":60,"column":4}}]},"6":{"line":60,"type":"binary-expr","locations":[{"start":{"line":60,"column":8},"end":{"line":60,"column":24}},{"start":{"line":60,"column":28},"end":{"line":60,"column":44}},{"start":{"line":60,"column":48},"end":{"line":60,"column":64}}]}},"code":["'use strict';","","var assert = require('assert');","var Decoder = require('./decoder');","var utils = require('./utils');","","var METADATA_START_MARKER = new Buffer('ABCDEF4D61784D696E642E636F6D', 'hex');","","","module.exports = Metadata;","","function Metadata(db) {","  var offset = this.findStart(db);","  var decoder = new Decoder(db, offset);","  var metadata = decoder.decode(offset).value;","","  if (!metadata) {","    throw new Error(this.isLegacyFormat(db) ? utils.legacyErrorMessage : 'Cannot parse binary database');","  }","","  this.binaryFormatMajorVersion = metadata.binary_format_major_version;","  this.binaryFormatMinorVersion = metadata.binary_format_minor_version;","  this.buildEpoch = new Date(metadata.build_epoch * 1000);","  this.databaseType = metadata.database_type;","  this.languages = metadata.languages;","  this.description = metadata.description;","  this.ipVersion = metadata.ip_version;","  this.nodeCount = metadata.node_count;","","  this.recordSize = metadata.record_size;","  assert([24, 28, 32].indexOf(this.recordSize) > -1, 'Unsupported record size');","","  this.nodeByteSize = this.recordSize / 4;","  this.searchTreeSize = this.nodeCount * this.nodeByteSize;","","  // Depth depends on the IP version, it's 32 for IPv4 and 128 for IPv6.","  this.treeDepth = Math.pow(2, this.ipVersion + 1);","}","","","Metadata.prototype.findStart = function(db) {","  var found = 0,","    mlen = METADATA_START_MARKER.length - 1,","    fsize = db.length - 1;","","  while (found <= mlen && fsize-- > 0) {","    found += (db[fsize] === METADATA_START_MARKER[mlen - found]) ? 1 : -found;","  }","  return fsize + found;","};","","","Metadata.prototype.isLegacyFormat = function(db) {","  var structureInfoMaxSize = 20;","","  for (var i = 0; i < structureInfoMaxSize; i++) {","    var delim = db.slice(db.length - 3 - i, db.length - i);","","    // Look for [0xff, 0xff, 0xff] metadata delimeter","    if (delim[0] === 255 && delim[1] === 255 && delim[2] === 255) {","      return true;","    }","  }","","  return false;","};",""],"l":{"3":1,"4":1,"5":1,"7":1,"10":1,"12":1,"13":0,"14":0,"15":0,"17":0,"18":0,"21":0,"22":0,"23":0,"24":0,"25":0,"26":0,"27":0,"28":0,"30":0,"31":0,"33":0,"34":0,"37":0,"41":1,"42":0,"46":0,"47":0,"49":0,"53":1,"54":0,"56":0,"57":0,"60":0,"61":0,"65":0}},"/home/travis/build/npmtest/node-npmtest-maxmind/node_modules/maxmind/lib/decoder.js":{"path":"/home/travis/build/npmtest/node-npmtest-maxmind/node_modules/maxmind/lib/decoder.js","s":{"1":1,"2":1,"3":1,"4":1,"5":1,"6":1,"7":0,"8":1,"9":1,"10":0,"11":0,"12":1,"13":0,"14":0,"15":0,"16":0,"17":0,"18":0,"19":0,"20":0,"21":0,"22":0,"23":0,"24":0,"25":1,"26":0,"27":0,"28":0,"29":0,"30":0,"31":0,"32":0,"33":0,"34":0,"35":0,"36":0,"37":0,"38":0,"39":0,"40":0,"41":1,"42":0,"43":0,"44":0,"45":0,"46":0,"47":0,"48":0,"49":0,"50":1,"51":0,"52":1,"53":0,"54":0,"55":0,"56":0,"57":0,"58":0,"59":0,"60":0,"61":0,"62":0,"63":0,"64":0,"65":1,"66":0,"67":0,"68":0,"69":0,"70":0,"71":0,"72":0,"73":1,"74":0,"75":1,"76":0,"77":1,"78":0,"79":1,"80":0,"81":0,"82":0,"83":0,"84":0,"85":0,"86":0,"87":0,"88":0,"89":0,"90":1,"91":0,"92":0,"93":0,"94":1,"95":0,"96":0,"97":0,"98":0,"99":0,"100":0,"101":0,"102":0,"103":0,"104":1,"105":0,"106":0,"107":0,"108":0,"109":0,"110":0,"111":0,"112":1,"113":0},"b":{"1":[0,0],"2":[0,0],"3":[0,0],"4":[0,0],"5":[0,0,0,0,0,0,0,0,0,0,0,0],"6":[0,0],"7":[0,0],"8":[0,0],"9":[0,0],"10":[0,0],"11":[0,0],"12":[0,0],"13":[0,0,0,0,0,0,0]},"f":{"1":0,"2":0,"3":0,"4":0,"5":0,"6":0,"7":0,"8":0,"9":0,"10":0,"11":0,"12":0,"13":0,"14":0,"15":0,"16":0},"fnMap":{"1":{"name":"cursor","line":28,"loc":{"start":{"line":28,"column":0},"end":{"line":28,"column":31}}},"2":{"name":"Decoder","line":35,"loc":{"start":{"line":35,"column":0},"end":{"line":35,"column":33}}},"3":{"name":"(anonymous_3)","line":41,"loc":{"start":{"line":41,"column":27},"end":{"line":41,"column":44}}},"4":{"name":"(anonymous_4)","line":66,"loc":{"start":{"line":66,"column":33},"end":{"line":66,"column":62}}},"5":{"name":"(anonymous_5)","line":109,"loc":{"start":{"line":109,"column":37},"end":{"line":109,"column":64}}},"6":{"name":"(anonymous_6)","line":151,"loc":{"start":{"line":151,"column":32},"end":{"line":151,"column":55}}},"7":{"name":"(anonymous_7)","line":156,"loc":{"start":{"line":156,"column":34},"end":{"line":156,"column":61}}},"8":{"name":"(anonymous_8)","line":198,"loc":{"start":{"line":198,"column":32},"end":{"line":198,"column":55}}},"9":{"name":"(anonymous_9)","line":212,"loc":{"start":{"line":212,"column":34},"end":{"line":212,"column":49}}},"10":{"name":"(anonymous_10)","line":217,"loc":{"start":{"li
[...]
6","  'map',              //  7","  'int32',            //  8","  'uint64',           //  9","  'uint128',          // 10","  'array',            // 11","  'container',        // 12","  'end_marker',       // 13","  'boolean',          // 14","  'float'             // 15","];","","var pointerValueOffset = [0, 2048, 526336, 0];","","function cursor(value, offset) {","  return { value: value, offset: offset };","}","","","module.exports = Decoder;","","function Decoder(db, baseOffset) {","  assert(this.db = db, 'File stream is required');","  this.baseOffset = baseOffset || 0;","}","","","Decoder.prototype.decode = function(offset) {","  var tmp,","    ctrlByte = this.db[offset++],","    type = types[ctrlByte >> 5];","","  if (type === 'pointer') {","    tmp = this.decodePointer(ctrlByte, offset);","    return cursor(this.decode(tmp.value).value, tmp.offset);","  }","","  if (type === 'extended') {","    tmp = this.db[offset] + 7;","    if (tmp < 8) {","      throw new Error('Invalid Extended Type at offset ' + offset + ' val ' + tmp);","    }","","    type = types[tmp];","    offset++;","  }","","  var size = this.sizeFromCtrlByte(ctrlByte, offset);","  return this.decodeByType(type, size.offset, size.value);","};","","","Decoder.prototype.decodeByType = function(type, offset, size) {","  var newOffset = offset + size;","","  // ipv4 types occurrence stats:","  // 3618591 x utf8_string","  // 448163 x map","  // 175085 x uint32","  // 83040 x double","  // 24745 x array","  // 3 x uint16","  // 1 x uint64","  // 14 x boolean","  switch (type) {","    case 'utf8_string':","      return cursor(this.decodeString(offset, size), newOffset);","    case 'map':","      return this.decodeMap(size, offset);","    case 'uint32':","      return cursor(this.decodeUint(offset, size), newOffset);","    case 'double':","      return cursor(this.decodeDouble(offset, size), newOffset);","    case 'array':","      return this.decodeArray(size, offset);","    case 'boolean':","      return cursor(this.decodeBoolean(size), offset);","    case 'float':","      return cursor(this.decodeFloat(offset, size), newOffset);","    case 'bytes':","      return cursor(this.decodeBytes(offset, size), newOffset);","    case 'uint16':","      return cursor(this.decodeUint(offset, size), newOffset);","    case 'int32':","      return cursor(this.decodeInt32(offset, size), newOffset);","    case 'uint64':","      return cursor(this.decodeUint(offset, size), newOffset);","    case 'uint128':","      return cursor(this.decodeUint(offset, size), newOffset);","  }","","  throw new Error('Unknown type ' + type + ' at offset ' + offset);","};","","","Decoder.prototype.sizeFromCtrlByte = function(ctrlByte, offset) {","  // The first three bits of the control byte tell you what type the field is. If","  // these bits are all 0, then this is an \"extended\" type, which means that the","  // *next* byte contains the actual type. Otherwise, the first three bits will","  // contain a number from 1 to 7, the actual type for the field.","  // var type = ctrlByte >> 3;","","  // The next five bits in the control byte tell you how long the data field's","  // payload is, except for maps and pointers. Maps and pointers use this size","  // information a bit differently.``","","  var size = ctrlByte & 0x1f;","","  // If the five bits are smaller than 29, then those bits are the payload size in","  // bytes. For example:","  //   01000010          UTF-8 string - 2 bytes long","  //   01011100          UTF-8 string - 28 bytes long","  //   11000001          unsigned 32-bit int - 1 byte long","  //   00000011 00000011 unsigned 128-bit int - 3 bytes long","  if (size < 29)","    return cursor(size, offset);","","  // If the value is 29, then the size is 29 + *the next byte after the type","  // specifying bytes as an unsigned integer*.","  if (size === 29)","    return cursor(29 + this.db[offset], offset + 1);","","  // If the value is 30, then the size is 285 + *the next two bytes after the type","  // specifying bytes as a single unsigned integer*.","  if (size === 30)","    return cursor(285 + this.db.readUInt16BE(offset, false), offset + 2);","","  // At this point `size` is always 31.","  // If the value is 31, then the size is 65,821 + *the next three bytes after the","  // type specifying bytes as a single unsigned integer*.","  return cursor(","    65821 + utils.concat3(this.db[offset], this.db[offset + 1], this.db[offset + 2]),","    offset + 3","  );","};","","","Decoder.prototype.decodeBytes = function(offset, size) {","  return this.db.slice(offset, offset + size);","};","","","Decoder.prototype.decodePointer = function(ctrlByte, offset) {","  // Pointers use the last five bits in the control byte to calculate the pointer value.","","  // To calculate the pointer value, we start by subdiving the five bits into two","  // groups. The first two bits indicate the size, and the next three bits are part","  // of the value, so we end up with a control byte breaking down like this:","  // 001SSVVV.","  var pointerSize = ((ctrlByte >> 3) & 3);","","  var pointer = this.baseOffset + pointerValueOffset[pointerSize];","  var packed = 0;","","  // The size can be 0, 1, 2, or 3.","","  // If the size is 0, the pointer is built by appending the next byte to the last","  // three bits to produce an 11-bit value.","  if (pointerSize === 0) {","    packed = utils.concat2(ctrlByte & 7, this.db[offset]);","","  // If the size is 1, the pointer is built by appending the next two bytes to the","  // last three bits to produce a 19-bit value + 2048.","  } else if (pointerSize === 1) {","    packed = utils.concat3(ctrlByte & 7, this.db[offset], this.db[offset + 1]);","","  // If the size is 2, the pointer is built by appending the next three bytes to the","  // last three bits to produce a 27-bit value + 526336.","  } else if (pointerSize === 2) {","    packed = utils.concat4(ctrlByte & 7, this.db[offset], this.db[offset + 1], this.db[offset + 2]);","","  // At next point `size` is always 3.","  // Finally, if the size is 3, the pointer's value is contained in the next four","  // bytes as a 32-bit value. In this case, the last three bits of the control byte","  // are ignored.","  } else {","    packed = this.db.readUInt32BE(offset, true);","  }","","  offset += pointerSize + 1;","  return cursor(pointer + packed, offset);","};","","","Decoder.prototype.decodeArray = function(size, offset) {","  var tmp;","  var array = [];","","  for (var i = 0; i < size; i++) {","    tmp = this.decode(offset);","    offset = tmp.offset;","    array.push(tmp.value);","  }","","  return cursor(array, offset);","};","","","Decoder.prototype.decodeBoolean = function(size) {","  return size !== 0;","};","","","Decoder.prototype.decodeDouble = function(offset) {","  return this.db.readDoubleBE(offset, true);","};","","","Decoder.prototype.decodeFloat = function(offset) {","  return this.db.readFloatBE(offset, true);","};","","","Decoder.prototype.decodeMap = function(size, offset) {","  var tmp;","  var key;","  var map = {};","","  for (var i = 0; i < size; i++) {","    tmp = this.decode(offset);","    key = tmp.value;","    tmp = this.decode(tmp.offset);","    offset = tmp.offset;","    map[key] = tmp.value;","  }","","  return cursor(map, offset);","};","","","Decoder.prototype.decodeInt32 = function(offset, size) {","  if (size == 0) return 0;","  return this.db.readInt32BE(offset, true);","};","","","Decoder.prototype.decodeUint = function(offset, size) {","  switch (size) {","    case 0: return 0;","    case 1: return this.db[offset];","    case 2: return utils.concat2(this.db[offset + 0], this.db[offset + 1]);","    case 3: return utils.concat3(this.db[offset + 0], this.db[offset + 1], this.db[offset + 2]);","    case 4: return utils.concat4(this.db[offset + 0], this.db[offset + 1], this.db[offset + 2], this.db[offset + 3]);","    case 8: return this.decodeBigUint(offset, size);","    case 16: return this.decodeBigUint(offset, size);","  }","  return 0;","};","","","Decoder.prototype.decodeBigUint = function(offset, size) {","  var buffer = new Buffer(size);","  this.db.copy(buffer, 0, offset, offset + size);","","  var integer = 0;","  var numberOfLongs = size / 4;","  for (var i = 0; i < numberOfLongs; i++) {","    integer = bigInt(integer).multiply(4294967296).add(buffer.readUInt32BE(i << 2, true));","  }","","  return integer.toString();","};","","","Decoder.prototype.decodeString = function(offset, size) {","  return this.db.utf8Slice(offset, offset + size);","};",""],"l":{"3":1,"4":1,"5":1,"7":1,"26":1,"28":1,"29":0,"33":1,"35":1,"36":0,"37":0,"41":1,"42":0,"46":0,"47":0,"48":0,"51":0,"52":0,"53":0,"54":0,"57":0,"58":0,"61":0,"62":0,"66":1,"67":0,"78":0,"80":0,"82":0,"84":0,"86":0,"88":0,"90":0,"92":0,"94":0,"96":0,"98":0,"100":0,"102":0,"105":0,"109":1,"120":0,"128":0,"129":0,"133":0,"134":0,"138":0,"139":0,"144":0,"151":1,"152":0,"156":1,"163":0,"165":0,"166":0,"172":0,"173":0,"177":0,"178":0,"182":0,"183":0,"190":0,"193":0,"194":0,"198":1,"199":0,"200":0,"202":0,"203":0,"204":0,"205":0,"208":0,"212":1,"213":0,"217":1,"218":0,"222":1,"223":0,"227":1,"228":0,"229":0,"230":0,"232":0,"233":0,"234":0,"235":0,"236":0,"237":0,"240":0,"244":1,"245":0,"246":0,"250":1,"251":0,"252":0,"253":0,"254":0,"255":0,"256":0,"257":0,"258":0,"260":0,"264":1,"265":0,"266":0,"268":0,"269":0,"270":0,"271":0,"274":0,"278":1,"279":0}},"/home/travis/build/npmtest/node-npmtest-maxmind/node_modules/maxmind/lib/utils.js":{"path":"/home/travis/build/npmtest/node-npmtest-maxmind/node_modules/maxmind/lib/utils.js","s":{"1":1,"2":0,"3":1,"4":0,"5":1,"6":0,"7":1},"b":{},"f":{"1":0,"2":0,"3":0},"fnMap":{"1":{"name":"(anonymous_1)","line":3,"loc":{"start":{"line":3,"column":18},"end":{"line":3,"column":33}}},"2":{"name":"(anonymous_2)","line":7,"loc":{"start":{"line":7,"column":18},"end":{"line":7,"column":36}}},"3":{"name":"(anonymous_3)","line":11,"loc":{"start":{"line":11,"column":18},"end":{"line":11,"column":39}}}},"statementMap":{"1":{"start":{"line":3,"column":0},"end":{"line":5,"column":2}},"2":{"start":{"line":4,"column":2},"end":{"line":4,"column":22}},"3":{"start":{"line":7,"column":0},"end":{"line":9,"column":2}},"4":{"start":{"line":8,"column":2},"end":{"line":8,"column":34}},"5":{"start":{"line":11,"column":0},"end":{"line":13,"column":2}},"6":{"start":{"line":12,"column":2},"end":{"line":12,"column":46}},"7":{"start":{"line":15,"column":0},"end":{"line":19,"column":72}}},"branchMap":{},"code":["'use strict';","","exports.concat2 = function(a, b) {","  return (a << 8) | b;","};","","exports.concat3 = function(a, b, c) {","  return (a << 16) | (b << 8) | c;","};","","exports.concat4 = function(a, b, c, d) {","  return (a << 24) | (b << 16) | (c << 8) | d;","};","","exports.legacyErrorMessage =","  'Maxmind v1 module has changed API.\\n\\","  Upgrade instructions can be found here: \\","  https://github.com/runk/node-maxmind/wiki/Migration-guide\\n\\","  If you want to use legacy libary then explicitly install maxmind@0.6';",""],"l":{"3":1,"4":0,"7":1,"8":0,"11":1,"12":0,"15":1}},"/home/travis/build/npmtest/node-npmtest-maxmind/node_modules/maxmind/lib/ip.js":{"path":"/home/travis/build/npmtest/node-npmtest-maxmind/node_modules/maxmind/lib/ip.js","s":{"1":1,"2":1,"3":0,"4":0,"5":0,"6":1,"7":0,"8":0,"9":0,"10":0,"11":0,"12":0,"13":0,"14":0,"15":0,"16":0,"17":0,"18":0,"19":0,"20":0,"21":0,"22":0,"23":0,"24":0,"25":0,"26":0,"27":0,"28":0,"29":0,"30":0,"31":0,"32":1,"33":0,"34":1,"35":0,"36":0,"37":0,"38":1,"39":0,"40":0},"b":{"1":[0,0],"2":[0,0],"3":[0,0],"4":[0,0],"5":[0,0],"6":[0,0]},"f":{"1":0,"2":0,"3":0,"4":0,"5":0,"6":0,"7":0},"fnMap":{"1":{"name":"(anonymous_1)","line":6,"loc":{"start":{"line":6,"column":16},"end":{"line":6,"column":29}}},"2":{"name":"(anonymous_2)","line":18,"loc":{"start":{"line":18,"column":16},"end":{"line":18,"column":29}}},"3":{"name":"(anonymous_3)","line":24,"loc":{"start":{"line":24,"column":12},"end":{"line":24,"column":24}}},"4":{"name":"(anonymous_4)","line":31,"loc":{"start":{"line":31,"column":50},"end":{"line":31,"column":78}}},"5":{"name":"(anonymous_5)","line":64,"loc":{"start":{"line":64,"column":16},"end":{"line":64,"column":29}}},"6":{"name":"(anonymous_6)","line":69,"loc":{"start":{"line":69,"column":16},"end":{"line":69,"column":42}}},"7":{"name":"(anonymous_7)","line":81,"loc":{"start":{"line":81,"column":19},"end":{"line":81,"column":32}}}},"statementMap":{"1":{"start":{"line":3,"column":0},"end":{"line":3,"column":25}},"2":{"start":{"line":6,"column":0},"end":{"line":15,"column":2}},"3":{"start":{"line":7,"column":2},"end":{"line":7,"column":24}},"4":{"start":{"line":9,"column":2},"end":{"line":12,"column":25}},"5":{"start":{"line":14,"column":2},"end":{"line":14,"column":26}},"6":{"start":{"line":18,"column":0},"end":{"line":61,"column":2}},"7":{"start":{"line":19,"column":2},"end":{"line":19,"column":62}},"8":{"start":{"line":20,"column":2},"end":{"line":20,"column":8}},"9":{"start":{"line":21,"column":2},"end":{"line":21,"column":13}},"10":{"start":{"line":22,"column":2},"end":{"line":22,"column":12}},"11":{"start":{"line":24,"column":2},"end":{"line":27,"column":4}},"12":{"start":{"line":25,"column":4},"end":{"line":25,"column":37}},"13":{"start":{"line":26,"column":4},"end":{"line":26,"column":41}},"14":{"start":{"line":30,"column":2},"end":{"line":34,"column":3}},"15":{"start":{"line":31,"column":4},"end":{"line":33,"column":7}},"16":{"start":{"line":32,"column":6},"end":{"line":32,"column":53}},"17":{"start":{"line":36,"column":2},"end":{"line":38,"column":21}},"18":{"start":{"line":40,"column":2},"end":{"line":47,"column":3}},"19":{"start":{"line":41,"column":4},"end":{"line":41,"column":29}},"20":{"start":{"line":42,"column":4},"end":{"line":46,"column":5}},"21":{"start":{"line":43,"column":6},"end":{"line":43,"column":38}},"22":{"start":{"line":44,"column":6},"end":{"line":44,"column":31}},"23":{"start":{"line":45,"column":6},"end":{"line":45,"column":37}},"24":{"start":{"line":50,"column":2},"end":{"line":58,"column":3}},"25":{"start":{"line":51,"column":4},"end":{"line":51,"column":30}},"26":{"start":{"line":52,"column":4},"end":{"line":52,"column":42}},"27":{"start":{"line":53,"column":4},"end":{"line":57,"column":5}},"28":{"start":{"line":54,"column":6},"end":{"line":54,"column":38}},"29":{"start":{"line":55,"column":6},"end":{"line":55,"column":42}},"30":{"start":{"line":56,"column":6},"end":{"line":56,"column":48}},"31":{"start":{"line":60,"column":2},"end":{"line":60,"column":14}},"32":{"start":{"line":64,"column":0},"end":{"line":66,"column":2}},"33":{"start":{"line":65,"column":2},"end":{"line":65,"column":66}},"34":{"start":{"line":69,"column":0},"end":{"line":78,"column":2}},"35":{"start":{"line":71,"column":2},"end":{"line":71,"column":24}},"36":{"start":{"line":74,"column":2},"end":{"line":74,"column":29}},"37":{"start":{"line":77,"column":2},"end":{"line":77,"column":45}},"38":{"start":{"line":81,"column":0},"end":{"line":84,"column":2}},"39":{"start":{"line":82,"column":2},"end":{"line":82,"column":29}},"40":{"start":{"line":83,"column":2},"end":{"line":83,"column":40}}},"branchMap":{"1":{"line":26,"type":"cond-expr","locations":[{"start":{"line":26,"column":29},"end":{"line":26,"column":30}},{"start":{"line":26,"column":33},"end":{"line":26,"column":40}}]},"2":{"line":30,"type":"if","locations":[{"start":{"line":30,"column":2},"end":{"line":30,"column":2}},{"start":{"line":30,"column":2},"end":{"line":30,"column":2}}]},"3":{"line":40,"type":"if","locations":[{"start":{"line":40,"column":2},"end":{"line":40,"column":2}},{"start":{"line":40,"column":2},"end":{"line":40,"column":2}}]},"4":{"line":50,"type":"if","locations":[{"start":{"line":50,"column":2},"end":{"line":50,"column":2}},{"start":{"line":50,"column":2},"end":{"line":50,"column":2}}]},"5":{"line":65,"type":"cond-expr","locations":[{"start":{"line":65,"column":36},"end":{"line":65,"column":49}},{"start":{"line":65,"column":52},"end":{"line":65,"column":65}}]},"6":{"line":83,"type":"binary-expr","locations":[{"start":{"line":83,"column":9},"end":{"line":83,"column":22}},{"start":{"line":83,"column":26},"end":{"line":83,"column":39}}]}},"code":["'use strict';","","var net = require('net');","","","var parseIPv4 = function(ip) {","  ip = ip.split('.', 4);","","  var o0 = parseInt(ip[0]),","    o1 = parseInt(ip[1]),","    o2 = parseInt(ip[2]),","    o3 = parseInt(ip[3]);","","  return [o0, o1, o2, o3];","};","","","var parseIPv6 = function(ip) {","  var addr = [0, 0, 0, 0, 0, 0, 0, 0, 0, 0, 0, 0, 0, 0, 0, 0];","  var i;","  var parsed;","  var chunk;","","  var hex = function(v) {","    v = parseInt(v, 10).toString(16);","    return (v.length == 2) ? v : '0' + v;","  };","","  // ipv4 e.g. `::ffff:64.17.254.216`","  if (ip.indexOf('.') > -1) {","    ip = ip.replace(/(\\d+)\\.(\\d+)\\.(\\d+)\\.(\\d+)/, function(match, a, b, c, d) {","      return hex(a) + hex(b) + ':' + hex(c) + hex(d);","    });","  }","","  var parts = ip.split('::', 2),","    left = parts[0],","    right = parts[1];","","  if (left) {","    parsed = left.split(':');","    for (i = 0; i < parsed.length; i++) {","      chunk = parseInt(parsed[i], 16);","      addr[i * 2] = chunk >> 8;","      addr[i * 2 + 1] = chunk & 0xff;","    }","  }","","","  if (right) {","    parsed = right.split(':');","    var offset = 16 - (parsed.length * 2); // 2 bytes per chunk","    for (i = 0; i < parsed.length; i++) {","      chunk = parseInt(parsed[i], 16);","      addr[offset + (i * 2)] = chunk >> 8;","      addr[offset + (i * 2 + 1)] = chunk & 0xff;","    }","  }","","  return addr;","};","","","exports.parse = function(ip) {","  return (ip.indexOf(':') === -1) ? parseIPv4(ip) : parseIPv6(ip);","};","","","exports.bitAt = function(rawAddress, idx) {","  // 8 bits per octet in the buffer (>>3 is slightly faster than Math.floor(idx/8))","  var bufIdx = idx >> 3;","","  // Offset within the octet (basicallg equivalent to 8  - (idx % 8))","  var bitIdx = 7 ^ (idx & 7);","","  // Shift the offset rightwards by bitIdx bits and & it to grab the bit","  return (rawAddress[bufIdx] >>> bitIdx) & 1;","};","","","exports.validate = function(ip) {","  var version = net.isIP(ip);","  return version === 4 || version === 6;","};",""],"l":{"3":1,"6":1,"7":0,"9":0,"14":0,"18":1,"19":0,"20":0,"21":0,"22":0,"24":0,"25":0,"26":0,"30":0,"31":0,"32":0,"36":0,"40":0,"41":0,"42":0,"43":0,"44":0,"45":0,"50":0,"51":0,"52":0,"53":0,"54":0,"55":0,"56":0,"60":0,"64":1,"65":0,"69":1,"71":0,"74":0,"77":0,"81":1,"82":0,"83":0}},"/home/travis/build/npmtest/node-npmtest-maxmind/node_modules/maxmind/lib/is-gzip.js":{"path":"/home/travis/build/npmtest/node-npmtest-maxmind/node_modules/maxmind/lib/is-gzip.js","s":{"1":1,"2":0,"3":0,"4":0},"b":{"1":[0,0],"2":[0,0],"3":[0,0,0]},"f":{"1":0},"fnMap":{"1":{"name":"(anonymous_1)","line":3,"loc":{"start":{"line":3,"column":17},"end":{"line":3,"column":31}}}},"statementMap":{"1":{"start":{"line":3,"column":0},"end":{"line":9,"column":2}},"2":{"start":{"line":4,"column":2},"end":{"line":6,"column":3}},"3":{"start":{"line":5,"column":4},"end":{"line":5,"column":17}},"4":{"start":{"line":8,"column":2},"end":{"line":8,"column":63}}},"branchMap":{"1":{"line":4,"type":"if","locations":[{"start":{"line":4,"column":2},"end":{"line":4,"column":2}},{"start":{"line":4,"column":2},"end":{"line":4,"column":2}}]},"2":{"line":4,"type":"binary-expr","locations":[{"start":{"line":4,"column":6},"end":{"line":4,"column":10}},{"start":{"line":4,"column":14},"end":{"line":4,"column":28}}]},"3":{"line":8,"type":"binary-expr","locations":[{"start":{"line":8,"column":9},"end":{"line":8,"column":24}},{"start":{"line":8,"column":28},"end":{"line":8,"column":43}},{"start":{"line":8,"column":47},"end":{"line":8,"column":62}}]}},"code":["'use strict';","","module.exports = function(buf) {","  if (!buf || buf.length < 3) {","    return false;","  }","","  return buf[0] === 0x1f && buf[1] === 0x8b && buf[2] === 0x08;","};",""],"l":{"3":1,"4":0,"5":0,"8":0}}}